2025-12-05 19:08:57.755453	INFO	gorm@v1.31.1/callbacks.go:140	execute [SELECT count(*) FROM sqlite_master WHERE type='table' AND name="users"] affect rows num [-1]
2025-12-05 19:08:57.785736	INFO	gorm@v1.31.1/finisher_api.go:545	execute [SELECT sql FROM sqlite_master WHERE type IN ("table","index") AND tbl_name = "users" AND sql IS NOT NULL order by type = "table" desc] affect rows num [2]
2025-12-05 19:08:57.786322	INFO	gorm@v1.31.1/callbacks.go:140	execute [SELECT * FROM `users` LIMIT 1] affect rows num [-1]
2025-12-05 19:08:57.786322	INFO	gorm@v1.31.1/callbacks.go:140	execute [SELECT count(*) FROM sqlite_master WHERE type = "index" AND tbl_name = "users" AND name = "idx_users_deleted_at"] affect rows num [-1]
2025-12-05 19:08:57.787432	INFO	gorm@v1.31.1/callbacks.go:140	execute [SELECT count(*) FROM sqlite_master WHERE type='table' AND name="users"] affect rows num [-1]
2025-12-05 19:08:57.787970	INFO	gorm@v1.31.1/finisher_api.go:545	execute [SELECT sql FROM sqlite_master WHERE type IN ("table","index") AND tbl_name = "users" AND sql IS NOT NULL order by type = "table" desc] affect rows num [2]
2025-12-05 19:08:57.787970	INFO	gorm@v1.31.1/callbacks.go:140	execute [SELECT * FROM `users` LIMIT 1] affect rows num [-1]
2025-12-05 19:08:57.787970	INFO	gorm@v1.31.1/callbacks.go:140	execute [SELECT count(*) FROM sqlite_master WHERE type = "index" AND tbl_name = "users" AND name = "idx_users_deleted_at"] affect rows num [-1]
2025-12-05 19:08:57.788530	INFO	gorm@v1.31.1/callbacks.go:140	execute [SELECT count(*) FROM sqlite_master WHERE type='table' AND name="resources"] affect rows num [-1]
2025-12-05 19:08:57.788530	INFO	gorm@v1.31.1/finisher_api.go:545	execute [SELECT sql FROM sqlite_master WHERE type IN ("table","index") AND tbl_name = "resources" AND sql IS NOT NULL order by type = "table" desc] affect rows num [3]
2025-12-05 19:08:57.789060	INFO	gorm@v1.31.1/callbacks.go:140	execute [SELECT * FROM `resources` LIMIT 1] affect rows num [-1]
2025-12-05 19:08:57.789060	INFO	gorm@v1.31.1/callbacks.go:140	execute [SELECT count(*) FROM sqlite_master WHERE type = "index" AND tbl_name = "resources" AND name = "idx_resources_deleted_at"] affect rows num [-1]
2025-12-05 19:08:57.789605	INFO	gorm@v1.31.1/callbacks.go:140	execute [SELECT count(*) FROM sqlite_master WHERE type = "index" AND tbl_name = "resources" AND name = "idx_resources_user_id"] affect rows num [-1]
2025-12-05 19:08:57.789605	INFO	gorm@v1.31.1/callbacks.go:140	execute [SELECT count(*) FROM sqlite_master WHERE type='table' AND name="buildings"] affect rows num [-1]
2025-12-05 19:08:57.790139	INFO	gorm@v1.31.1/finisher_api.go:545	execute [SELECT sql FROM sqlite_master WHERE type IN ("table","index") AND tbl_name = "buildings" AND sql IS NOT NULL order by type = "table" desc] affect rows num [3]
2025-12-05 19:08:57.790139	INFO	gorm@v1.31.1/callbacks.go:140	execute [SELECT * FROM `buildings` LIMIT 1] affect rows num [-1]
2025-12-05 19:08:57.790139	INFO	gorm@v1.31.1/callbacks.go:140	execute [SELECT count(*) FROM sqlite_master WHERE type = "index" AND tbl_name = "buildings" AND name = "idx_buildings_deleted_at"] affect rows num [-1]
2025-12-05 19:08:57.790695	INFO	gorm@v1.31.1/callbacks.go:140	execute [SELECT count(*) FROM sqlite_master WHERE type = "index" AND tbl_name = "buildings" AND name = "idx_buildings_user_id"] affect rows num [-1]
2025-12-05 19:09:03.668210	ERROR	beaconImp/http_handler.go:20	Auth failed, redirecting to login.
2025-12-05 19:09:09.091466	INFO	gorm@v1.31.1/callbacks.go:140	execute [SELECT * FROM `users` WHERE username = "abc" AND `users`.`deleted_at` IS NULL ORDER BY `users`.`id` LIMIT 1] affect rows num [1]
2025-12-05 19:09:10.015852	INFO	beaconImp/http_handler.go:136	User abc logged in.
2025-12-05 19:09:11.484519	INFO	gorm@v1.31.1/callbacks.go:140	execute [SELECT * FROM `resources` WHERE `resources`.`deleted_at` IS NULL ORDER BY `resources`.`id` LIMIT 1] affect rows num [1]
2025-12-05 19:09:11.485024	INFO	gorm@v1.31.1/callbacks.go:140	execute [SELECT * FROM `buildings` WHERE user_id = 0 AND `buildings`.`deleted_at` IS NULL] affect rows num [0]
2025-12-05 19:09:58.997827	INFO	gorm@v1.31.1/callbacks.go:140	execute [SELECT * FROM `resources` WHERE `resources`.`deleted_at` IS NULL ORDER BY `resources`.`id` LIMIT 1] affect rows num [1]
2025-12-05 19:09:58.998628	INFO	gorm@v1.31.1/callbacks.go:140	execute [SELECT * FROM `buildings` WHERE user_id = 0 AND `buildings`.`deleted_at` IS NULL] affect rows num [0]
2025-12-05 19:10:02.079761	INFO	gorm@v1.31.1/callbacks.go:140	execute [SELECT * FROM `resources` WHERE `resources`.`deleted_at` IS NULL ORDER BY `resources`.`id` LIMIT 1] affect rows num [1]
2025-12-05 19:10:02.080460	INFO	gorm@v1.31.1/callbacks.go:140	execute [SELECT * FROM `buildings` WHERE user_id = 0 AND `buildings`.`deleted_at` IS NULL] affect rows num [0]
2025-12-05 19:13:22.226406	INFO	gorm@v1.31.1/callbacks.go:140	execute [SELECT * FROM `resources` WHERE `resources`.`deleted_at` IS NULL ORDER BY `resources`.`id` LIMIT 1] affect rows num [1]
2025-12-05 19:13:22.226910	INFO	gorm@v1.31.1/callbacks.go:140	execute [SELECT * FROM `buildings` WHERE user_id = 0 AND `buildings`.`deleted_at` IS NULL] affect rows num [0]
2025-12-05 19:13:25.436704	INFO	gorm@v1.31.1/callbacks.go:140	execute [SELECT * FROM `resources` WHERE `resources`.`deleted_at` IS NULL ORDER BY `resources`.`id` LIMIT 1] affect rows num [1]
2025-12-05 19:13:25.437209	INFO	gorm@v1.31.1/callbacks.go:140	execute [SELECT * FROM `buildings` WHERE user_id = 0 AND `buildings`.`deleted_at` IS NULL] affect rows num [0]
2025-12-05 19:13:31.852302	INFO	gorm@v1.31.1/callbacks.go:140	execute [SELECT * FROM `resources` WHERE `resources`.`deleted_at` IS NULL ORDER BY `resources`.`id` LIMIT 1] affect rows num [1]
2025-12-05 19:13:31.852809	INFO	gorm@v1.31.1/callbacks.go:140	execute [SELECT * FROM `buildings` WHERE user_id = 0 AND `buildings`.`deleted_at` IS NULL] affect rows num [0]
2025-12-05 20:00:14.194598	INFO	gorm@v1.31.1/callbacks.go:140	execute [SELECT * FROM `resources` WHERE `resources`.`deleted_at` IS NULL ORDER BY `resources`.`id` LIMIT 1] affect rows num [1]
2025-12-05 20:00:14.195145	INFO	gorm@v1.31.1/callbacks.go:140	execute [SELECT * FROM `buildings` WHERE user_id = 0 AND `buildings`.`deleted_at` IS NULL] affect rows num [0]
2025-12-05 20:01:29.160282	INFO	gorm@v1.31.1/callbacks.go:140	execute [SELECT * FROM `resources` WHERE `resources`.`deleted_at` IS NULL ORDER BY `resources`.`id` LIMIT 1] affect rows num [1]
2025-12-05 20:01:29.160282	INFO	gorm@v1.31.1/callbacks.go:140	execute [SELECT * FROM `buildings` WHERE user_id = 0 AND `buildings`.`deleted_at` IS NULL] affect rows num [0]
2025-12-05 20:17:54.619746	INFO	gorm@v1.31.1/callbacks.go:140	execute [SELECT count(*) FROM sqlite_master WHERE type='table' AND name="users"] affect rows num [-1]
2025-12-05 20:17:54.635513	INFO	gorm@v1.31.1/finisher_api.go:545	execute [SELECT sql FROM sqlite_master WHERE type IN ("table","index") AND tbl_name = "users" AND sql IS NOT NULL order by type = "table" desc] affect rows num [2]
2025-12-05 20:17:54.636051	INFO	gorm@v1.31.1/callbacks.go:140	execute [SELECT * FROM `users` LIMIT 1] affect rows num [-1]
2025-12-05 20:17:54.636051	INFO	gorm@v1.31.1/callbacks.go:140	execute [SELECT count(*) FROM sqlite_master WHERE type = "index" AND tbl_name = "users" AND name = "idx_users_deleted_at"] affect rows num [-1]
2025-12-05 20:17:54.636576	INFO	gorm@v1.31.1/callbacks.go:140	execute [SELECT count(*) FROM sqlite_master WHERE type='table' AND name="users"] affect rows num [-1]
2025-12-05 20:17:54.636576	INFO	gorm@v1.31.1/finisher_api.go:545	execute [SELECT sql FROM sqlite_master WHERE type IN ("table","index") AND tbl_name = "users" AND sql IS NOT NULL order by type = "table" desc] affect rows num [2]
2025-12-05 20:17:54.636576	INFO	gorm@v1.31.1/callbacks.go:140	execute [SELECT * FROM `users` LIMIT 1] affect rows num [-1]
2025-12-05 20:17:54.636576	INFO	gorm@v1.31.1/callbacks.go:140	execute [SELECT count(*) FROM sqlite_master WHERE type = "index" AND tbl_name = "users" AND name = "idx_users_deleted_at"] affect rows num [-1]
2025-12-05 20:17:54.637105	INFO	gorm@v1.31.1/callbacks.go:140	execute [SELECT count(*) FROM sqlite_master WHERE type='table' AND name="resources"] affect rows num [-1]
2025-12-05 20:17:54.637105	INFO	gorm@v1.31.1/finisher_api.go:545	execute [SELECT sql FROM sqlite_master WHERE type IN ("table","index") AND tbl_name = "resources" AND sql IS NOT NULL order by type = "table" desc] affect rows num [3]
2025-12-05 20:17:54.637105	INFO	gorm@v1.31.1/callbacks.go:140	execute [SELECT * FROM `resources` LIMIT 1] affect rows num [-1]
2025-12-05 20:17:54.637105	INFO	gorm@v1.31.1/callbacks.go:140	execute [SELECT count(*) FROM sqlite_master WHERE type = "index" AND tbl_name = "resources" AND name = "idx_resources_deleted_at"] affect rows num [-1]
2025-12-05 20:17:54.637628	INFO	gorm@v1.31.1/callbacks.go:140	execute [SELECT count(*) FROM sqlite_master WHERE type = "index" AND tbl_name = "resources" AND name = "idx_resources_user_id"] affect rows num [-1]
2025-12-05 20:17:54.637628	INFO	gorm@v1.31.1/callbacks.go:140	execute [SELECT count(*) FROM sqlite_master WHERE type='table' AND name="buildings"] affect rows num [-1]
2025-12-05 20:17:54.637628	INFO	gorm@v1.31.1/finisher_api.go:545	execute [SELECT sql FROM sqlite_master WHERE type IN ("table","index") AND tbl_name = "buildings" AND sql IS NOT NULL order by type = "table" desc] affect rows num [3]
2025-12-05 20:17:54.637628	INFO	gorm@v1.31.1/callbacks.go:140	execute [SELECT * FROM `buildings` LIMIT 1] affect rows num [-1]
2025-12-05 20:17:54.638164	INFO	gorm@v1.31.1/callbacks.go:140	execute [SELECT count(*) FROM sqlite_master WHERE type = "index" AND tbl_name = "buildings" AND name = "idx_buildings_deleted_at"] affect rows num [-1]
2025-12-05 20:17:54.638164	INFO	gorm@v1.31.1/callbacks.go:140	execute [SELECT count(*) FROM sqlite_master WHERE type = "index" AND tbl_name = "buildings" AND name = "idx_buildings_user_id"] affect rows num [-1]
2025-12-05 20:18:18.007163	INFO	gorm@v1.31.1/callbacks.go:140	execute [SELECT * FROM `users` WHERE username = "abc" AND `users`.`deleted_at` IS NULL ORDER BY `users`.`id` LIMIT 1] affect rows num [1]
2025-12-05 20:18:18.929911	INFO	beaconImp/http_handler.go:145	User abc logged in.
2025-12-05 20:18:24.699248	INFO	gorm@v1.31.1/callbacks.go:140	execute [SELECT * FROM `users` WHERE username = "abc" AND `users`.`deleted_at` IS NULL ORDER BY `users`.`id` LIMIT 1] affect rows num [1]
2025-12-05 20:18:25.623731	INFO	beaconImp/http_handler.go:145	User abc logged in.
2025-12-05 20:18:39.457561	INFO	gorm@v1.31.1/callbacks.go:140	execute [SELECT * FROM `users` WHERE username = "abc" AND `users`.`deleted_at` IS NULL ORDER BY `users`.`id` LIMIT 1] affect rows num [1]
2025-12-05 20:18:40.117329	INFO	gorm@v1.31.1/callbacks.go:140	execute [SELECT * FROM `users` WHERE username = "abc" AND `users`.`deleted_at` IS NULL ORDER BY `users`.`id` LIMIT 1] affect rows num [1]
2025-12-05 20:18:40.400281	INFO	beaconImp/http_handler.go:145	User abc logged in.
2025-12-05 20:18:41.079579	INFO	beaconImp/http_handler.go:145	User abc logged in.
2025-12-05 20:19:03.770667	INFO	gorm@v1.31.1/callbacks.go:140	execute [SELECT count(*) FROM sqlite_master WHERE type='table' AND name="users"] affect rows num [-1]
2025-12-05 20:19:03.789254	INFO	gorm@v1.31.1/finisher_api.go:545	execute [SELECT sql FROM sqlite_master WHERE type IN ("table","index") AND tbl_name = "users" AND sql IS NOT NULL order by type = "table" desc] affect rows num [2]
2025-12-05 20:19:03.789254	INFO	gorm@v1.31.1/callbacks.go:140	execute [SELECT * FROM `users` LIMIT 1] affect rows num [-1]
2025-12-05 20:19:03.789254	INFO	gorm@v1.31.1/callbacks.go:140	execute [SELECT count(*) FROM sqlite_master WHERE type = "index" AND tbl_name = "users" AND name = "idx_users_deleted_at"] affect rows num [-1]
2025-12-05 20:19:03.789787	INFO	gorm@v1.31.1/callbacks.go:140	execute [SELECT count(*) FROM sqlite_master WHERE type='table' AND name="users"] affect rows num [-1]
2025-12-05 20:19:03.790364	INFO	gorm@v1.31.1/finisher_api.go:545	execute [SELECT sql FROM sqlite_master WHERE type IN ("table","index") AND tbl_name = "users" AND sql IS NOT NULL order by type = "table" desc] affect rows num [2]
2025-12-05 20:19:03.790364	INFO	gorm@v1.31.1/callbacks.go:140	execute [SELECT * FROM `users` LIMIT 1] affect rows num [-1]
2025-12-05 20:19:03.790364	INFO	gorm@v1.31.1/callbacks.go:140	execute [SELECT count(*) FROM sqlite_master WHERE type = "index" AND tbl_name = "users" AND name = "idx_users_deleted_at"] affect rows num [-1]
2025-12-05 20:19:03.790364	INFO	gorm@v1.31.1/callbacks.go:140	execute [SELECT count(*) FROM sqlite_master WHERE type='table' AND name="resources"] affect rows num [-1]
2025-12-05 20:19:03.790895	INFO	gorm@v1.31.1/finisher_api.go:545	execute [SELECT sql FROM sqlite_master WHERE type IN ("table","index") AND tbl_name = "resources" AND sql IS NOT NULL order by type = "table" desc] affect rows num [3]
2025-12-05 20:19:03.790895	INFO	gorm@v1.31.1/callbacks.go:140	execute [SELECT * FROM `resources` LIMIT 1] affect rows num [-1]
2025-12-05 20:19:03.790895	INFO	gorm@v1.31.1/callbacks.go:140	execute [SELECT count(*) FROM sqlite_master WHERE type = "index" AND tbl_name = "resources" AND name = "idx_resources_deleted_at"] affect rows num [-1]
2025-12-05 20:19:03.791428	INFO	gorm@v1.31.1/callbacks.go:140	execute [SELECT count(*) FROM sqlite_master WHERE type = "index" AND tbl_name = "resources" AND name = "idx_resources_user_id"] affect rows num [-1]
2025-12-05 20:19:03.791428	INFO	gorm@v1.31.1/callbacks.go:140	execute [SELECT count(*) FROM sqlite_master WHERE type='table' AND name="buildings"] affect rows num [-1]
2025-12-05 20:19:03.791428	INFO	gorm@v1.31.1/finisher_api.go:545	execute [SELECT sql FROM sqlite_master WHERE type IN ("table","index") AND tbl_name = "buildings" AND sql IS NOT NULL order by type = "table" desc] affect rows num [3]
2025-12-05 20:19:03.791428	INFO	gorm@v1.31.1/callbacks.go:140	execute [SELECT * FROM `buildings` LIMIT 1] affect rows num [-1]
2025-12-05 20:19:03.791956	INFO	gorm@v1.31.1/callbacks.go:140	execute [SELECT count(*) FROM sqlite_master WHERE type = "index" AND tbl_name = "buildings" AND name = "idx_buildings_deleted_at"] affect rows num [-1]
2025-12-05 20:19:03.791956	INFO	gorm@v1.31.1/callbacks.go:140	execute [SELECT count(*) FROM sqlite_master WHERE type = "index" AND tbl_name = "buildings" AND name = "idx_buildings_user_id"] affect rows num [-1]
2025-12-05 20:19:12.004193	INFO	gorm@v1.31.1/callbacks.go:140	execute [SELECT * FROM `users` WHERE username = "abc" AND `users`.`deleted_at` IS NULL ORDER BY `users`.`id` LIMIT 1] affect rows num [1]
2025-12-05 20:19:12.767028	INFO	gorm@v1.31.1/callbacks.go:140	execute [SELECT * FROM `users` WHERE username = "abc" AND `users`.`deleted_at` IS NULL ORDER BY `users`.`id` LIMIT 1] affect rows num [1]
2025-12-05 20:19:12.942674	INFO	beaconImp/http_handler.go:136	User abc logged in.
2025-12-05 20:19:13.705190	INFO	beaconImp/http_handler.go:136	User abc logged in.
2025-12-05 20:23:10.976150	INFO	gorm@v1.31.1/callbacks.go:140	execute [SELECT count(*) FROM sqlite_master WHERE type='table' AND name="users"] affect rows num [-1]
2025-12-05 20:23:10.993549	INFO	gorm@v1.31.1/finisher_api.go:545	execute [SELECT sql FROM sqlite_master WHERE type IN ("table","index") AND tbl_name = "users" AND sql IS NOT NULL order by type = "table" desc] affect rows num [2]
2025-12-05 20:23:10.993549	INFO	gorm@v1.31.1/callbacks.go:140	execute [SELECT * FROM `users` LIMIT 1] affect rows num [-1]
2025-12-05 20:23:10.993549	INFO	gorm@v1.31.1/callbacks.go:140	execute [SELECT count(*) FROM sqlite_master WHERE type = "index" AND tbl_name = "users" AND name = "idx_users_deleted_at"] affect rows num [-1]
2025-12-05 20:23:10.994090	INFO	gorm@v1.31.1/callbacks.go:140	execute [SELECT count(*) FROM sqlite_master WHERE type='table' AND name="users"] affect rows num [-1]
2025-12-05 20:23:10.994090	INFO	gorm@v1.31.1/finisher_api.go:545	execute [SELECT sql FROM sqlite_master WHERE type IN ("table","index") AND tbl_name = "users" AND sql IS NOT NULL order by type = "table" desc] affect rows num [2]
2025-12-05 20:23:10.994659	INFO	gorm@v1.31.1/callbacks.go:140	execute [SELECT * FROM `users` LIMIT 1] affect rows num [-1]
2025-12-05 20:23:10.994659	INFO	gorm@v1.31.1/callbacks.go:140	execute [SELECT count(*) FROM sqlite_master WHERE type = "index" AND tbl_name = "users" AND name = "idx_users_deleted_at"] affect rows num [-1]
2025-12-05 20:23:10.994659	INFO	gorm@v1.31.1/callbacks.go:140	execute [SELECT count(*) FROM sqlite_master WHERE type='table' AND name="resources"] affect rows num [-1]
2025-12-05 20:23:10.995196	INFO	gorm@v1.31.1/finisher_api.go:545	execute [SELECT sql FROM sqlite_master WHERE type IN ("table","index") AND tbl_name = "resources" AND sql IS NOT NULL order by type = "table" desc] affect rows num [3]
2025-12-05 20:23:10.995196	INFO	gorm@v1.31.1/callbacks.go:140	execute [SELECT * FROM `resources` LIMIT 1] affect rows num [-1]
2025-12-05 20:23:10.995196	INFO	gorm@v1.31.1/callbacks.go:140	execute [SELECT count(*) FROM sqlite_master WHERE type = "index" AND tbl_name = "resources" AND name = "idx_resources_deleted_at"] affect rows num [-1]
2025-12-05 20:23:10.995731	INFO	gorm@v1.31.1/callbacks.go:140	execute [SELECT count(*) FROM sqlite_master WHERE type = "index" AND tbl_name = "resources" AND name = "idx_resources_user_id"] affect rows num [-1]
2025-12-05 20:23:10.995731	INFO	gorm@v1.31.1/callbacks.go:140	execute [SELECT count(*) FROM sqlite_master WHERE type='table' AND name="buildings"] affect rows num [-1]
2025-12-05 20:23:10.995731	INFO	gorm@v1.31.1/finisher_api.go:545	execute [SELECT sql FROM sqlite_master WHERE type IN ("table","index") AND tbl_name = "buildings" AND sql IS NOT NULL order by type = "table" desc] affect rows num [3]
2025-12-05 20:23:10.995731	INFO	gorm@v1.31.1/callbacks.go:140	execute [SELECT * FROM `buildings` LIMIT 1] affect rows num [-1]
2025-12-05 20:23:10.995731	INFO	gorm@v1.31.1/callbacks.go:140	execute [SELECT count(*) FROM sqlite_master WHERE type = "index" AND tbl_name = "buildings" AND name = "idx_buildings_deleted_at"] affect rows num [-1]
2025-12-05 20:23:10.995731	INFO	gorm@v1.31.1/callbacks.go:140	execute [SELECT count(*) FROM sqlite_master WHERE type = "index" AND tbl_name = "buildings" AND name = "idx_buildings_user_id"] affect rows num [-1]
2025-12-05 20:23:17.371789	INFO	gorm@v1.31.1/callbacks.go:140	execute [SELECT * FROM `users` WHERE username = "abc" AND `users`.`deleted_at` IS NULL ORDER BY `users`.`id` LIMIT 1] affect rows num [1]
2025-12-05 20:23:18.378220	INFO	beaconImp/http_handler.go:136	User abc logged in.
2025-12-05 20:26:38.342951	INFO	gorm@v1.31.1/callbacks.go:140	execute [SELECT count(*) FROM sqlite_master WHERE type='table' AND name="users"] affect rows num [-1]
2025-12-05 20:26:38.358220	INFO	gorm@v1.31.1/finisher_api.go:545	execute [SELECT sql FROM sqlite_master WHERE type IN ("table","index") AND tbl_name = "users" AND sql IS NOT NULL order by type = "table" desc] affect rows num [2]
2025-12-05 20:26:38.358220	INFO	gorm@v1.31.1/callbacks.go:140	execute [SELECT * FROM `users` LIMIT 1] affect rows num [-1]
2025-12-05 20:26:38.358783	INFO	gorm@v1.31.1/callbacks.go:140	execute [SELECT count(*) FROM sqlite_master WHERE type = "index" AND tbl_name = "users" AND name = "idx_users_deleted_at"] affect rows num [-1]
2025-12-05 20:26:38.358783	INFO	gorm@v1.31.1/callbacks.go:140	execute [SELECT count(*) FROM sqlite_master WHERE type='table' AND name="users"] affect rows num [-1]
2025-12-05 20:26:38.359312	INFO	gorm@v1.31.1/finisher_api.go:545	execute [SELECT sql FROM sqlite_master WHERE type IN ("table","index") AND tbl_name = "users" AND sql IS NOT NULL order by type = "table" desc] affect rows num [2]
2025-12-05 20:26:38.359312	INFO	gorm@v1.31.1/callbacks.go:140	execute [SELECT * FROM `users` LIMIT 1] affect rows num [-1]
2025-12-05 20:26:38.359312	INFO	gorm@v1.31.1/callbacks.go:140	execute [SELECT count(*) FROM sqlite_master WHERE type = "index" AND tbl_name = "users" AND name = "idx_users_deleted_at"] affect rows num [-1]
2025-12-05 20:26:38.359312	INFO	gorm@v1.31.1/callbacks.go:140	execute [SELECT count(*) FROM sqlite_master WHERE type='table' AND name="resources"] affect rows num [-1]
2025-12-05 20:26:38.359836	INFO	gorm@v1.31.1/finisher_api.go:545	execute [SELECT sql FROM sqlite_master WHERE type IN ("table","index") AND tbl_name = "resources" AND sql IS NOT NULL order by type = "table" desc] affect rows num [3]
2025-12-05 20:26:38.359836	INFO	gorm@v1.31.1/callbacks.go:140	execute [SELECT * FROM `resources` LIMIT 1] affect rows num [-1]
2025-12-05 20:26:38.359836	INFO	gorm@v1.31.1/callbacks.go:140	execute [SELECT count(*) FROM sqlite_master WHERE type = "index" AND tbl_name = "resources" AND name = "idx_resources_deleted_at"] affect rows num [-1]
2025-12-05 20:26:38.360370	INFO	gorm@v1.31.1/callbacks.go:140	execute [SELECT count(*) FROM sqlite_master WHERE type = "index" AND tbl_name = "resources" AND name = "idx_resources_user_id"] affect rows num [-1]
2025-12-05 20:26:38.360370	INFO	gorm@v1.31.1/callbacks.go:140	execute [SELECT count(*) FROM sqlite_master WHERE type='table' AND name="buildings"] affect rows num [-1]
2025-12-05 20:26:38.360370	INFO	gorm@v1.31.1/finisher_api.go:545	execute [SELECT sql FROM sqlite_master WHERE type IN ("table","index") AND tbl_name = "buildings" AND sql IS NOT NULL order by type = "table" desc] affect rows num [3]
2025-12-05 20:26:38.360370	INFO	gorm@v1.31.1/callbacks.go:140	execute [SELECT * FROM `buildings` LIMIT 1] affect rows num [-1]
2025-12-05 20:26:38.360897	INFO	gorm@v1.31.1/callbacks.go:140	execute [SELECT count(*) FROM sqlite_master WHERE type = "index" AND tbl_name = "buildings" AND name = "idx_buildings_deleted_at"] affect rows num [-1]
2025-12-05 20:26:38.360897	INFO	gorm@v1.31.1/callbacks.go:140	execute [SELECT count(*) FROM sqlite_master WHERE type = "index" AND tbl_name = "buildings" AND name = "idx_buildings_user_id"] affect rows num [-1]
2025-12-05 20:26:45.491986	ERROR	beaconImp/http_handler.go:20	Auth failed, redirecting to login.
2025-12-05 20:26:46.973512	INFO	gorm@v1.31.1/callbacks.go:140	execute [SELECT * FROM `users` WHERE username = "abc" AND `users`.`deleted_at` IS NULL ORDER BY `users`.`id` LIMIT 1] affect rows num [1]
2025-12-05 20:26:47.924217	INFO	beaconImp/http_handler.go:142	User abc logged in.
2025-12-05 20:26:47.929051	INFO	gorm@v1.31.1/callbacks.go:140	execute [SELECT * FROM `resources` WHERE user_id = 1 AND `resources`.`deleted_at` IS NULL ORDER BY `resources`.`id` LIMIT 1] affect rows num [0]
2025-12-05 20:26:49.849754	INFO	gorm@v1.31.1/callbacks.go:140	execute [SELECT * FROM `resources` WHERE user_id = 1 AND `resources`.`deleted_at` IS NULL ORDER BY `resources`.`id` LIMIT 1] affect rows num [0]
2025-12-05 20:26:51.052052	INFO	gorm@v1.31.1/callbacks.go:140	execute [SELECT * FROM `resources` WHERE `resources`.`deleted_at` IS NULL ORDER BY `resources`.`id` LIMIT 1] affect rows num [1]
2025-12-05 20:26:51.052556	INFO	gorm@v1.31.1/callbacks.go:140	execute [SELECT * FROM `buildings` WHERE user_id = 0 AND `buildings`.`deleted_at` IS NULL] affect rows num [0]
2025-12-05 20:33:01.927424	INFO	gorm@v1.31.1/callbacks.go:140	execute [SELECT count(*) FROM sqlite_master WHERE type='table' AND name="users"] affect rows num [-1]
2025-12-05 20:33:01.945414	INFO	gorm@v1.31.1/finisher_api.go:545	execute [SELECT sql FROM sqlite_master WHERE type IN ("table","index") AND tbl_name = "users" AND sql IS NOT NULL order by type = "table" desc] affect rows num [2]
2025-12-05 20:33:01.945414	INFO	gorm@v1.31.1/callbacks.go:140	execute [SELECT * FROM `users` LIMIT 1] affect rows num [-1]
2025-12-05 20:33:01.945947	INFO	gorm@v1.31.1/callbacks.go:140	execute [SELECT count(*) FROM sqlite_master WHERE type = "index" AND tbl_name = "users" AND name = "idx_users_deleted_at"] affect rows num [-1]
2025-12-05 20:33:01.945947	INFO	gorm@v1.31.1/callbacks.go:140	execute [SELECT count(*) FROM sqlite_master WHERE type='table' AND name="users"] affect rows num [-1]
2025-12-05 20:33:01.945947	INFO	gorm@v1.31.1/finisher_api.go:545	execute [SELECT sql FROM sqlite_master WHERE type IN ("table","index") AND tbl_name = "users" AND sql IS NOT NULL order by type = "table" desc] affect rows num [2]
2025-12-05 20:33:01.946485	INFO	gorm@v1.31.1/callbacks.go:140	execute [SELECT * FROM `users` LIMIT 1] affect rows num [-1]
2025-12-05 20:33:01.946485	INFO	gorm@v1.31.1/callbacks.go:140	execute [SELECT count(*) FROM sqlite_master WHERE type = "index" AND tbl_name = "users" AND name = "idx_users_deleted_at"] affect rows num [-1]
2025-12-05 20:33:01.946485	INFO	gorm@v1.31.1/callbacks.go:140	execute [SELECT count(*) FROM sqlite_master WHERE type='table' AND name="resources"] affect rows num [-1]
2025-12-05 20:33:01.946485	INFO	gorm@v1.31.1/finisher_api.go:545	execute [SELECT sql FROM sqlite_master WHERE type IN ("table","index") AND tbl_name = "resources" AND sql IS NOT NULL order by type = "table" desc] affect rows num [3]
2025-12-05 20:33:01.947016	INFO	gorm@v1.31.1/callbacks.go:140	execute [SELECT * FROM `resources` LIMIT 1] affect rows num [-1]
2025-12-05 20:33:01.947016	INFO	gorm@v1.31.1/callbacks.go:140	execute [SELECT count(*) FROM sqlite_master WHERE type = "index" AND tbl_name = "resources" AND name = "idx_resources_deleted_at"] affect rows num [-1]
2025-12-05 20:33:01.947016	INFO	gorm@v1.31.1/callbacks.go:140	execute [SELECT count(*) FROM sqlite_master WHERE type = "index" AND tbl_name = "resources" AND name = "idx_resources_user_id"] affect rows num [-1]
2025-12-05 20:33:01.947016	INFO	gorm@v1.31.1/callbacks.go:140	execute [SELECT count(*) FROM sqlite_master WHERE type='table' AND name="buildings"] affect rows num [-1]
2025-12-05 20:33:01.947549	INFO	gorm@v1.31.1/finisher_api.go:545	execute [SELECT sql FROM sqlite_master WHERE type IN ("table","index") AND tbl_name = "buildings" AND sql IS NOT NULL order by type = "table" desc] affect rows num [3]
2025-12-05 20:33:01.947549	INFO	gorm@v1.31.1/callbacks.go:140	execute [SELECT * FROM `buildings` LIMIT 1] affect rows num [-1]
2025-12-05 20:33:01.947549	INFO	gorm@v1.31.1/callbacks.go:140	execute [SELECT count(*) FROM sqlite_master WHERE type = "index" AND tbl_name = "buildings" AND name = "idx_buildings_deleted_at"] affect rows num [-1]
2025-12-05 20:33:01.947549	INFO	gorm@v1.31.1/callbacks.go:140	execute [SELECT count(*) FROM sqlite_master WHERE type = "index" AND tbl_name = "buildings" AND name = "idx_buildings_user_id"] affect rows num [-1]
2025-12-05 20:33:05.701531	ERROR	beaconImp/http_handler.go:20	Auth failed, redirecting to login.
2025-12-05 20:33:06.889766	INFO	gorm@v1.31.1/callbacks.go:140	execute [SELECT * FROM `users` WHERE username = "abc" AND `users`.`deleted_at` IS NULL ORDER BY `users`.`id` LIMIT 1] affect rows num [1]
2025-12-05 20:33:07.818195	INFO	beaconImp/http_handler.go:150	User abc logged in.
2025-12-05 20:33:07.822427	INFO	gorm@v1.31.1/callbacks.go:140	execute [SELECT * FROM `resources` WHERE `resources`.`user_id` = 1 AND `resources`.`deleted_at` IS NULL ORDER BY `resources`.`id` LIMIT 1] affect rows num [0]
2025-12-05 20:33:07.826253	INFO	gorm@v1.31.1/callbacks.go:140	execute [INSERT INTO `resources` (`created_at`,`updated_at`,`deleted_at`,`user_id`,`wood`,`stone`,`gold`,`food`) VALUES ("2025-12-05 20:33:07.822","2025-12-05 20:33:07.822",NULL,1,1000,150,300,100) RETURNING `id`] affect rows num [1]
2025-12-05 20:33:07.826253	INFO	beaconImp/http_handler.go:50	Loaded resource for user 1: wood=1000
2025-12-06 16:32:04.511755	INFO	gorm@v1.31.1/callbacks.go:140	execute [SELECT * FROM `resources` WHERE `resources`.`deleted_at` IS NULL ORDER BY `resources`.`id` LIMIT 1] affect rows num [1]
2025-12-06 16:32:04.512928	INFO	gorm@v1.31.1/callbacks.go:140	execute [SELECT * FROM `buildings` WHERE user_id = 0 AND `buildings`.`deleted_at` IS NULL] affect rows num [0]
2025-12-06 17:04:39.977509	ERROR	beaconImp/http_handler.go:20	Auth failed, redirecting to login.
2025-12-06 17:04:41.126289	INFO	gorm@v1.31.1/callbacks.go:140	execute [SELECT * FROM `users` WHERE username = "abc" AND `users`.`deleted_at` IS NULL ORDER BY `users`.`id` LIMIT 1] affect rows num [1]
2025-12-06 17:04:42.066690	INFO	beaconImp/http_handler.go:150	User abc logged in.
2025-12-06 17:04:42.072161	INFO	gorm@v1.31.1/callbacks.go:140	execute [SELECT * FROM `resources` WHERE `resources`.`user_id` = 1 AND `resources`.`deleted_at` IS NULL ORDER BY `resources`.`id` LIMIT 1] affect rows num [1]
2025-12-06 17:04:42.072695	INFO	beaconImp/http_handler.go:50	Loaded resource for user 1: wood=1000
2025-12-06 17:04:56.763374	INFO	gorm@v1.31.1/callbacks.go:140	execute [SELECT * FROM `resources` WHERE `resources`.`user_id` = 1 AND `resources`.`deleted_at` IS NULL ORDER BY `resources`.`id` LIMIT 1] affect rows num [1]
2025-12-06 17:04:56.763878	INFO	beaconImp/http_handler.go:50	Loaded resource for user 1: wood=1000
2025-12-06 17:05:28.655869	INFO	gorm@v1.31.1/callbacks.go:140	execute [SELECT * FROM `resources` WHERE `resources`.`deleted_at` IS NULL ORDER BY `resources`.`id` LIMIT 1] affect rows num [1]
2025-12-06 17:05:28.656633	INFO	gorm@v1.31.1/callbacks.go:140	execute [SELECT * FROM `buildings` WHERE user_id = 0 AND `buildings`.`deleted_at` IS NULL] affect rows num [0]
2025-12-06 17:05:30.868262	INFO	gorm@v1.31.1/callbacks.go:140	execute [SELECT * FROM `resources` WHERE `resources`.`deleted_at` IS NULL ORDER BY `resources`.`id` LIMIT 1] affect rows num [1]
2025-12-06 17:05:30.868769	INFO	gorm@v1.31.1/callbacks.go:140	execute [SELECT * FROM `buildings` WHERE user_id = 0 AND `buildings`.`deleted_at` IS NULL] affect rows num [0]
2025-12-06 17:05:31.678927	INFO	gorm@v1.31.1/callbacks.go:140	execute [SELECT * FROM `resources` WHERE `resources`.`user_id` = 1 AND `resources`.`deleted_at` IS NULL ORDER BY `resources`.`id` LIMIT 1] affect rows num [1]
2025-12-06 17:05:31.678927	INFO	beaconImp/http_handler.go:50	Loaded resource for user 1: wood=1000
2025-12-06 17:06:03.929048	INFO	gorm@v1.31.1/callbacks.go:140	execute [SELECT * FROM `resources` WHERE `resources`.`user_id` = 1 AND `resources`.`deleted_at` IS NULL ORDER BY `resources`.`id` LIMIT 1] affect rows num [1]
2025-12-06 17:06:03.929048	INFO	beaconImp/http_handler.go:50	Loaded resource for user 1: wood=1000
2025-12-06 17:06:04.546777	INFO	gorm@v1.31.1/callbacks.go:140	execute [SELECT * FROM `resources` WHERE `resources`.`user_id` = 1 AND `resources`.`deleted_at` IS NULL ORDER BY `resources`.`id` LIMIT 1] affect rows num [1]
2025-12-06 17:06:04.546777	INFO	beaconImp/http_handler.go:50	Loaded resource for user 1: wood=1000
2025-12-06 17:06:22.221250	INFO	gorm@v1.31.1/callbacks.go:140	execute [SELECT * FROM `resources` WHERE `resources`.`deleted_at` IS NULL ORDER BY `resources`.`id` LIMIT 1] affect rows num [1]
2025-12-06 17:06:22.221818	INFO	gorm@v1.31.1/callbacks.go:140	execute [SELECT * FROM `buildings` WHERE user_id = 0 AND `buildings`.`deleted_at` IS NULL] affect rows num [0]
2025-12-06 17:06:52.570094	INFO	gorm@v1.31.1/callbacks.go:140	execute [SELECT count(*) FROM sqlite_master WHERE type='table' AND name="users"] affect rows num [-1]
2025-12-06 17:06:52.590647	INFO	gorm@v1.31.1/finisher_api.go:545	execute [SELECT sql FROM sqlite_master WHERE type IN ("table","index") AND tbl_name = "users" AND sql IS NOT NULL order by type = "table" desc] affect rows num [2]
2025-12-06 17:06:52.590647	INFO	gorm@v1.31.1/callbacks.go:140	execute [SELECT * FROM `users` LIMIT 1] affect rows num [-1]
2025-12-06 17:06:52.590647	INFO	gorm@v1.31.1/callbacks.go:140	execute [SELECT count(*) FROM sqlite_master WHERE type = "index" AND tbl_name = "users" AND name = "idx_users_deleted_at"] affect rows num [-1]
2025-12-06 17:06:52.591693	INFO	gorm@v1.31.1/callbacks.go:140	execute [SELECT count(*) FROM sqlite_master WHERE type='table' AND name="users"] affect rows num [-1]
2025-12-06 17:06:52.592199	INFO	gorm@v1.31.1/finisher_api.go:545	execute [SELECT sql FROM sqlite_master WHERE type IN ("table","index") AND tbl_name = "users" AND sql IS NOT NULL order by type = "table" desc] affect rows num [2]
2025-12-06 17:06:52.592199	INFO	gorm@v1.31.1/callbacks.go:140	execute [SELECT * FROM `users` LIMIT 1] affect rows num [-1]
2025-12-06 17:06:52.592199	INFO	gorm@v1.31.1/callbacks.go:140	execute [SELECT count(*) FROM sqlite_master WHERE type = "index" AND tbl_name = "users" AND name = "idx_users_deleted_at"] affect rows num [-1]
2025-12-06 17:06:52.592199	INFO	gorm@v1.31.1/callbacks.go:140	execute [SELECT count(*) FROM sqlite_master WHERE type='table' AND name="resources"] affect rows num [-1]
2025-12-06 17:06:52.592199	INFO	gorm@v1.31.1/finisher_api.go:545	execute [SELECT sql FROM sqlite_master WHERE type IN ("table","index") AND tbl_name = "resources" AND sql IS NOT NULL order by type = "table" desc] affect rows num [3]
2025-12-06 17:06:52.593206	INFO	gorm@v1.31.1/callbacks.go:140	execute [SELECT * FROM `resources` LIMIT 1] affect rows num [-1]
2025-12-06 17:06:52.593206	INFO	gorm@v1.31.1/callbacks.go:140	execute [SELECT count(*) FROM sqlite_master WHERE type = "index" AND tbl_name = "resources" AND name = "idx_resources_deleted_at"] affect rows num [-1]
2025-12-06 17:06:52.593206	INFO	gorm@v1.31.1/callbacks.go:140	execute [SELECT count(*) FROM sqlite_master WHERE type = "index" AND tbl_name = "resources" AND name = "idx_resources_user_id"] affect rows num [-1]
2025-12-06 17:06:52.593206	INFO	gorm@v1.31.1/callbacks.go:140	execute [SELECT count(*) FROM sqlite_master WHERE type='table' AND name="buildings"] affect rows num [-1]
2025-12-06 17:06:52.593206	INFO	gorm@v1.31.1/finisher_api.go:545	execute [SELECT sql FROM sqlite_master WHERE type IN ("table","index") AND tbl_name = "buildings" AND sql IS NOT NULL order by type = "table" desc] affect rows num [3]
2025-12-06 17:06:52.594206	INFO	gorm@v1.31.1/callbacks.go:140	execute [SELECT * FROM `buildings` LIMIT 1] affect rows num [-1]
2025-12-06 17:06:52.594206	INFO	gorm@v1.31.1/callbacks.go:140	execute [SELECT count(*) FROM sqlite_master WHERE type = "index" AND tbl_name = "buildings" AND name = "idx_buildings_deleted_at"] affect rows num [-1]
2025-12-06 17:06:52.594206	INFO	gorm@v1.31.1/callbacks.go:140	execute [SELECT count(*) FROM sqlite_master WHERE type = "index" AND tbl_name = "buildings" AND name = "idx_buildings_user_id"] affect rows num [-1]
2025-12-06 17:07:00.905254	INFO	gorm@v1.31.1/callbacks.go:140	execute [SELECT * FROM `resources` WHERE `resources`.`deleted_at` IS NULL ORDER BY `resources`.`id` LIMIT 1] affect rows num [1]
2025-12-06 17:07:00.906078	INFO	gorm@v1.31.1/callbacks.go:140	execute [SELECT * FROM `buildings` WHERE user_id = 0 AND `buildings`.`deleted_at` IS NULL] affect rows num [0]
2025-12-06 17:07:03.433166	ERROR	beaconImp/http_handler.go:20	Auth failed, redirecting to login.
2025-12-06 17:07:04.531402	INFO	gorm@v1.31.1/callbacks.go:140	execute [SELECT * FROM `users` WHERE username = "abc" AND `users`.`deleted_at` IS NULL ORDER BY `users`.`id` LIMIT 1] affect rows num [1]
2025-12-06 17:07:04.823811	INFO	gorm@v1.31.1/callbacks.go:140	execute [SELECT * FROM `users` WHERE username = "abc" AND `users`.`deleted_at` IS NULL ORDER BY `users`.`id` LIMIT 1] affect rows num [1]
2025-12-06 17:07:05.490401	INFO	beaconImp/http_handler.go:146	User abc logged in.
2025-12-06 17:07:05.772559	INFO	beaconImp/http_handler.go:146	User abc logged in.
2025-12-06 17:07:05.776520	INFO	gorm@v1.31.1/callbacks.go:140	execute [SELECT * FROM `resources` WHERE `resources`.`user_id` = 1 AND `resources`.`deleted_at` IS NULL ORDER BY `resources`.`id` LIMIT 1] affect rows num [1]
2025-12-06 17:07:05.776520	INFO	beaconImp/http_handler.go:46	Loaded resource for user 1: wood=1000
2025-12-06 17:07:10.166275	INFO	gorm@v1.31.1/callbacks.go:140	execute [SELECT * FROM `resources` WHERE `resources`.`user_id` = 1 AND `resources`.`deleted_at` IS NULL ORDER BY `resources`.`id` LIMIT 1] affect rows num [1]
2025-12-06 17:07:10.166275	INFO	beaconImp/http_handler.go:46	Loaded resource for user 1: wood=1000
2025-12-06 17:07:57.157651	INFO	gorm@v1.31.1/callbacks.go:140	execute [SELECT * FROM `resources` WHERE `resources`.`user_id` = 1 AND `resources`.`deleted_at` IS NULL ORDER BY `resources`.`id` LIMIT 1] affect rows num [1]
2025-12-06 17:07:57.157651	INFO	beaconImp/http_handler.go:46	Loaded resource for user 1: wood=1000
2025-12-06 17:09:59.204513	INFO	gorm@v1.31.1/callbacks.go:140	execute [SELECT * FROM `resources` WHERE `resources`.`deleted_at` IS NULL ORDER BY `resources`.`id` LIMIT 1] affect rows num [1]
2025-12-06 17:09:59.205212	INFO	gorm@v1.31.1/callbacks.go:140	execute [SELECT * FROM `buildings` WHERE user_id = 0 AND `buildings`.`deleted_at` IS NULL] affect rows num [0]
2025-12-06 17:10:00.946064	INFO	gorm@v1.31.1/callbacks.go:140	execute [SELECT * FROM `resources` WHERE `resources`.`user_id` = 1 AND `resources`.`deleted_at` IS NULL ORDER BY `resources`.`id` LIMIT 1] affect rows num [1]
2025-12-06 17:10:00.946064	INFO	beaconImp/http_handler.go:46	Loaded resource for user 1: wood=1000
2025-12-06 17:10:01.960337	INFO	gorm@v1.31.1/callbacks.go:140	execute [SELECT * FROM `resources` WHERE `resources`.`deleted_at` IS NULL ORDER BY `resources`.`id` LIMIT 1] affect rows num [1]
2025-12-06 17:10:01.960842	INFO	gorm@v1.31.1/callbacks.go:140	execute [SELECT * FROM `buildings` WHERE user_id = 0 AND `buildings`.`deleted_at` IS NULL] affect rows num [0]
2025-12-06 17:10:03.477388	INFO	gorm@v1.31.1/callbacks.go:140	execute [SELECT * FROM `resources` WHERE `resources`.`user_id` = 1 AND `resources`.`deleted_at` IS NULL ORDER BY `resources`.`id` LIMIT 1] affect rows num [1]
2025-12-06 17:10:03.477388	INFO	beaconImp/http_handler.go:46	Loaded resource for user 1: wood=1000
2025-12-06 17:10:05.704512	INFO	gorm@v1.31.1/callbacks.go:140	execute [SELECT * FROM `resources` WHERE `resources`.`deleted_at` IS NULL ORDER BY `resources`.`id` LIMIT 1] affect rows num [1]
2025-12-06 17:10:05.704512	INFO	gorm@v1.31.1/callbacks.go:140	execute [SELECT * FROM `buildings` WHERE user_id = 0 AND `buildings`.`deleted_at` IS NULL] affect rows num [0]
2025-12-06 17:10:08.715876	INFO	gorm@v1.31.1/callbacks.go:140	execute [SELECT * FROM `resources` WHERE `resources`.`user_id` = 1 AND `resources`.`deleted_at` IS NULL ORDER BY `resources`.`id` LIMIT 1] affect rows num [1]
2025-12-06 17:10:08.715876	INFO	beaconImp/http_handler.go:46	Loaded resource for user 1: wood=1000
2025-12-06 17:10:09.701532	INFO	gorm@v1.31.1/callbacks.go:140	execute [SELECT * FROM `resources` WHERE `resources`.`user_id` = 1 AND `resources`.`deleted_at` IS NULL ORDER BY `resources`.`id` LIMIT 1] affect rows num [1]
2025-12-06 17:10:09.701532	INFO	beaconImp/http_handler.go:46	Loaded resource for user 1: wood=1000
2025-12-06 17:10:11.338157	INFO	gorm@v1.31.1/callbacks.go:140	execute [SELECT * FROM `resources` WHERE `resources`.`deleted_at` IS NULL ORDER BY `resources`.`id` LIMIT 1] affect rows num [1]
2025-12-06 17:10:11.338663	INFO	gorm@v1.31.1/callbacks.go:140	execute [SELECT * FROM `buildings` WHERE user_id = 0 AND `buildings`.`deleted_at` IS NULL] affect rows num [0]
2025-12-06 17:10:16.195518	INFO	gorm@v1.31.1/callbacks.go:140	execute [SELECT * FROM `resources` WHERE `resources`.`deleted_at` IS NULL ORDER BY `resources`.`id` LIMIT 1] affect rows num [1]
2025-12-06 17:10:16.196284	INFO	gorm@v1.31.1/callbacks.go:140	execute [SELECT * FROM `buildings` WHERE user_id = 0 AND `buildings`.`deleted_at` IS NULL] affect rows num [0]
2025-12-06 17:11:14.491091	INFO	gorm@v1.31.1/callbacks.go:140	execute [SELECT * FROM `resources` WHERE `resources`.`deleted_at` IS NULL ORDER BY `resources`.`id` LIMIT 1] affect rows num [1]
2025-12-06 17:11:14.491597	INFO	gorm@v1.31.1/callbacks.go:140	execute [SELECT * FROM `buildings` WHERE user_id = 0 AND `buildings`.`deleted_at` IS NULL] affect rows num [0]
2025-12-06 17:11:23.915511	INFO	gorm@v1.31.1/callbacks.go:140	execute [SELECT * FROM `resources` WHERE `resources`.`user_id` = 1 AND `resources`.`deleted_at` IS NULL ORDER BY `resources`.`id` LIMIT 1] affect rows num [1]
2025-12-06 17:11:23.915511	INFO	beaconImp/http_handler.go:46	Loaded resource for user 1: wood=1000
2025-12-06 17:17:59.270135	INFO	gorm@v1.31.1/callbacks.go:140	execute [SELECT count(*) FROM sqlite_master WHERE type='table' AND name="users"] affect rows num [-1]
2025-12-06 17:17:59.292846	INFO	gorm@v1.31.1/finisher_api.go:545	execute [SELECT sql FROM sqlite_master WHERE type IN ("table","index") AND tbl_name = "users" AND sql IS NOT NULL order by type = "table" desc] affect rows num [2]
2025-12-06 17:17:59.292846	INFO	gorm@v1.31.1/callbacks.go:140	execute [SELECT * FROM `users` LIMIT 1] affect rows num [-1]
2025-12-06 17:17:59.293379	INFO	gorm@v1.31.1/callbacks.go:140	execute [SELECT count(*) FROM sqlite_master WHERE type = "index" AND tbl_name = "users" AND name = "idx_users_deleted_at"] affect rows num [-1]
2025-12-06 17:17:59.293379	INFO	gorm@v1.31.1/callbacks.go:140	execute [SELECT count(*) FROM sqlite_master WHERE type='table' AND name="users"] affect rows num [-1]
2025-12-06 17:17:59.293911	INFO	gorm@v1.31.1/finisher_api.go:545	execute [SELECT sql FROM sqlite_master WHERE type IN ("table","index") AND tbl_name = "users" AND sql IS NOT NULL order by type = "table" desc] affect rows num [2]
2025-12-06 17:17:59.293911	INFO	gorm@v1.31.1/callbacks.go:140	execute [SELECT * FROM `users` LIMIT 1] affect rows num [-1]
2025-12-06 17:17:59.293911	INFO	gorm@v1.31.1/callbacks.go:140	execute [SELECT count(*) FROM sqlite_master WHERE type = "index" AND tbl_name = "users" AND name = "idx_users_deleted_at"] affect rows num [-1]
2025-12-06 17:17:59.294438	INFO	gorm@v1.31.1/callbacks.go:140	execute [SELECT count(*) FROM sqlite_master WHERE type='table' AND name="resources"] affect rows num [-1]
2025-12-06 17:17:59.294438	INFO	gorm@v1.31.1/finisher_api.go:545	execute [SELECT sql FROM sqlite_master WHERE type IN ("table","index") AND tbl_name = "resources" AND sql IS NOT NULL order by type = "table" desc] affect rows num [3]
2025-12-06 17:17:59.294438	INFO	gorm@v1.31.1/callbacks.go:140	execute [SELECT * FROM `resources` LIMIT 1] affect rows num [-1]
2025-12-06 17:17:59.294972	INFO	gorm@v1.31.1/callbacks.go:140	execute [SELECT count(*) FROM sqlite_master WHERE type = "index" AND tbl_name = "resources" AND name = "idx_resources_deleted_at"] affect rows num [-1]
2025-12-06 17:17:59.294972	INFO	gorm@v1.31.1/callbacks.go:140	execute [SELECT count(*) FROM sqlite_master WHERE type = "index" AND tbl_name = "resources" AND name = "idx_resources_user_id"] affect rows num [-1]
2025-12-06 17:17:59.295518	INFO	gorm@v1.31.1/callbacks.go:140	execute [SELECT count(*) FROM sqlite_master WHERE type='table' AND name="buildings"] affect rows num [-1]
2025-12-06 17:17:59.295518	INFO	gorm@v1.31.1/finisher_api.go:545	execute [SELECT sql FROM sqlite_master WHERE type IN ("table","index") AND tbl_name = "buildings" AND sql IS NOT NULL order by type = "table" desc] affect rows num [3]
2025-12-06 17:17:59.295518	INFO	gorm@v1.31.1/callbacks.go:140	execute [SELECT * FROM `buildings` LIMIT 1] affect rows num [-1]
2025-12-06 17:17:59.296055	INFO	gorm@v1.31.1/callbacks.go:140	execute [SELECT count(*) FROM sqlite_master WHERE type = "index" AND tbl_name = "buildings" AND name = "idx_buildings_deleted_at"] affect rows num [-1]
2025-12-06 17:17:59.296709	INFO	gorm@v1.31.1/callbacks.go:140	execute [SELECT count(*) FROM sqlite_master WHERE type = "index" AND tbl_name = "buildings" AND name = "idx_buildings_user_id"] affect rows num [-1]
2025-12-06 17:18:03.577885	ERROR	beaconImp/http_handler.go:20	Auth failed, redirecting to login.
2025-12-06 17:18:05.132213	INFO	gorm@v1.31.1/callbacks.go:140	execute [SELECT * FROM `users` WHERE username = "abc" AND `users`.`deleted_at` IS NULL ORDER BY `users`.`id` LIMIT 1] affect rows num [1]
2025-12-06 17:18:06.069962	INFO	beaconImp/http_handler.go:146	User abc logged in.
2025-12-06 17:18:06.075233	INFO	gorm@v1.31.1/callbacks.go:140	execute [SELECT * FROM `resources` WHERE `resources`.`user_id` = 1 AND `resources`.`deleted_at` IS NULL ORDER BY `resources`.`id` LIMIT 1] affect rows num [1]
2025-12-06 17:18:06.075737	INFO	beaconImp/http_handler.go:46	Loaded resource for user 1: wood=1000
2025-12-06 17:18:09.464216	WARN	beaconImp/http_handler.go:174	No valid userId found in context for /architecture
2025-12-06 17:18:09.464216	INFO	gorm@v1.31.1/callbacks.go:140	execute [SELECT * FROM `buildings` WHERE user_id = NULL AND `buildings`.`deleted_at` IS NULL] affect rows num [0]
2025-12-06 17:18:10.928172	INFO	gorm@v1.31.1/callbacks.go:140	execute [SELECT * FROM `resources` WHERE `resources`.`user_id` = 1 AND `resources`.`deleted_at` IS NULL ORDER BY `resources`.`id` LIMIT 1] affect rows num [1]
2025-12-06 17:18:10.928172	INFO	beaconImp/http_handler.go:46	Loaded resource for user 1: wood=1000
2025-12-06 17:18:12.087203	WARN	beaconImp/http_handler.go:174	No valid userId found in context for /architecture
2025-12-06 17:18:12.087203	INFO	gorm@v1.31.1/callbacks.go:140	execute [SELECT * FROM `buildings` WHERE user_id = NULL AND `buildings`.`deleted_at` IS NULL] affect rows num [0]
2025-12-06 17:18:13.342946	INFO	gorm@v1.31.1/callbacks.go:140	execute [SELECT * FROM `resources` WHERE `resources`.`user_id` = 1 AND `resources`.`deleted_at` IS NULL ORDER BY `resources`.`id` LIMIT 1] affect rows num [1]
2025-12-06 17:18:13.342946	INFO	beaconImp/http_handler.go:46	Loaded resource for user 1: wood=1000
2025-12-06 17:18:28.520902	WARN	beaconImp/http_handler.go:174	No valid userId found in context for /architecture
2025-12-06 17:18:28.520902	INFO	gorm@v1.31.1/callbacks.go:140	execute [SELECT * FROM `buildings` WHERE user_id = NULL AND `buildings`.`deleted_at` IS NULL] affect rows num [0]
2025-12-06 17:19:46.509108	INFO	gorm@v1.31.1/callbacks.go:140	execute [SELECT * FROM `resources` WHERE `resources`.`user_id` = 1 AND `resources`.`deleted_at` IS NULL ORDER BY `resources`.`id` LIMIT 1] affect rows num [1]
2025-12-06 17:19:46.509108	INFO	beaconImp/http_handler.go:46	Loaded resource for user 1: wood=1000
2025-12-06 17:20:53.732837	INFO	gorm@v1.31.1/callbacks.go:140	execute [SELECT count(*) FROM sqlite_master WHERE type='table' AND name="users"] affect rows num [-1]
2025-12-06 17:20:53.754815	INFO	gorm@v1.31.1/finisher_api.go:545	execute [SELECT sql FROM sqlite_master WHERE type IN ("table","index") AND tbl_name = "users" AND sql IS NOT NULL order by type = "table" desc] affect rows num [2]
2025-12-06 17:20:53.755979	INFO	gorm@v1.31.1/callbacks.go:140	execute [SELECT * FROM `users` LIMIT 1] affect rows num [-1]
2025-12-06 17:20:53.755979	INFO	gorm@v1.31.1/callbacks.go:140	execute [SELECT count(*) FROM sqlite_master WHERE type = "index" AND tbl_name = "users" AND name = "idx_users_deleted_at"] affect rows num [-1]
2025-12-06 17:20:53.755979	INFO	gorm@v1.31.1/callbacks.go:140	execute [SELECT count(*) FROM sqlite_master WHERE type='table' AND name="users"] affect rows num [-1]
2025-12-06 17:20:53.755979	INFO	gorm@v1.31.1/finisher_api.go:545	execute [SELECT sql FROM sqlite_master WHERE type IN ("table","index") AND tbl_name = "users" AND sql IS NOT NULL order by type = "table" desc] affect rows num [2]
2025-12-06 17:20:53.756979	INFO	gorm@v1.31.1/callbacks.go:140	execute [SELECT * FROM `users` LIMIT 1] affect rows num [-1]
2025-12-06 17:20:53.756979	INFO	gorm@v1.31.1/callbacks.go:140	execute [SELECT count(*) FROM sqlite_master WHERE type = "index" AND tbl_name = "users" AND name = "idx_users_deleted_at"] affect rows num [-1]
2025-12-06 17:20:53.756979	INFO	gorm@v1.31.1/callbacks.go:140	execute [SELECT count(*) FROM sqlite_master WHERE type='table' AND name="resources"] affect rows num [-1]
2025-12-06 17:20:53.757980	INFO	gorm@v1.31.1/finisher_api.go:545	execute [SELECT sql FROM sqlite_master WHERE type IN ("table","index") AND tbl_name = "resources" AND sql IS NOT NULL order by type = "table" desc] affect rows num [3]
2025-12-06 17:20:53.757980	INFO	gorm@v1.31.1/callbacks.go:140	execute [SELECT * FROM `resources` LIMIT 1] affect rows num [-1]
2025-12-06 17:20:53.757980	INFO	gorm@v1.31.1/callbacks.go:140	execute [SELECT count(*) FROM sqlite_master WHERE type = "index" AND tbl_name = "resources" AND name = "idx_resources_deleted_at"] affect rows num [-1]
2025-12-06 17:20:53.757980	INFO	gorm@v1.31.1/callbacks.go:140	execute [SELECT count(*) FROM sqlite_master WHERE type = "index" AND tbl_name = "resources" AND name = "idx_resources_user_id"] affect rows num [-1]
2025-12-06 17:20:53.757980	INFO	gorm@v1.31.1/callbacks.go:140	execute [SELECT count(*) FROM sqlite_master WHERE type='table' AND name="buildings"] affect rows num [-1]
2025-12-06 17:20:53.758979	INFO	gorm@v1.31.1/finisher_api.go:545	execute [SELECT sql FROM sqlite_master WHERE type IN ("table","index") AND tbl_name = "buildings" AND sql IS NOT NULL order by type = "table" desc] affect rows num [3]
2025-12-06 17:20:53.758979	INFO	gorm@v1.31.1/callbacks.go:140	execute [SELECT * FROM `buildings` LIMIT 1] affect rows num [-1]
2025-12-06 17:20:53.758979	INFO	gorm@v1.31.1/callbacks.go:140	execute [SELECT count(*) FROM sqlite_master WHERE type = "index" AND tbl_name = "buildings" AND name = "idx_buildings_deleted_at"] affect rows num [-1]
2025-12-06 17:20:53.758979	INFO	gorm@v1.31.1/callbacks.go:140	execute [SELECT count(*) FROM sqlite_master WHERE type = "index" AND tbl_name = "buildings" AND name = "idx_buildings_user_id"] affect rows num [-1]
2025-12-06 17:20:57.495379	ERROR	beaconImp/http_handler.go:20	Auth failed, redirecting to login.
2025-12-06 17:20:58.457737	INFO	gorm@v1.31.1/callbacks.go:140	execute [SELECT * FROM `users` WHERE username = "abc" AND `users`.`deleted_at` IS NULL ORDER BY `users`.`id` LIMIT 1] affect rows num [1]
2025-12-06 17:20:59.389850	INFO	beaconImp/http_handler.go:146	User abc logged in.
2025-12-06 17:20:59.394068	INFO	gorm@v1.31.1/callbacks.go:140	execute [SELECT * FROM `resources` WHERE `resources`.`user_id` = 1 AND `resources`.`deleted_at` IS NULL ORDER BY `resources`.`id` LIMIT 1] affect rows num [1]
2025-12-06 17:20:59.394068	INFO	beaconImp/http_handler.go:46	Loaded resource for user 1: wood=1000
2025-12-06 17:21:01.633581	WARN	beaconImp/http_handler.go:169	No userId in context, redirecting to login
2025-12-06 17:21:02.593546	INFO	gorm@v1.31.1/callbacks.go:140	execute [SELECT * FROM `users` WHERE username = "abc" AND `users`.`deleted_at` IS NULL ORDER BY `users`.`id` LIMIT 1] affect rows num [1]
2025-12-06 17:21:03.528865	INFO	beaconImp/http_handler.go:146	User abc logged in.
2025-12-06 17:21:03.533259	INFO	gorm@v1.31.1/callbacks.go:140	execute [SELECT * FROM `resources` WHERE `resources`.`user_id` = 1 AND `resources`.`deleted_at` IS NULL ORDER BY `resources`.`id` LIMIT 1] affect rows num [1]
2025-12-06 17:21:03.533259	INFO	beaconImp/http_handler.go:46	Loaded resource for user 1: wood=1000
2025-12-06 17:21:05.296071	WARN	beaconImp/http_handler.go:169	No userId in context, redirecting to login
2025-12-06 17:21:11.137102	WARN	beaconImp/http_handler.go:169	No userId in context, redirecting to login
2025-12-06 17:21:15.105766	WARN	beaconImp/http_handler.go:169	No userId in context, redirecting to login
2025-12-06 17:21:16.357568	INFO	gorm@v1.31.1/callbacks.go:140	execute [SELECT * FROM `users` WHERE username = "abc" AND `users`.`deleted_at` IS NULL ORDER BY `users`.`id` LIMIT 1] affect rows num [1]
2025-12-06 17:21:17.301520	INFO	beaconImp/http_handler.go:146	User abc logged in.
2025-12-06 17:21:17.305900	INFO	gorm@v1.31.1/callbacks.go:140	execute [SELECT * FROM `resources` WHERE `resources`.`user_id` = 1 AND `resources`.`deleted_at` IS NULL ORDER BY `resources`.`id` LIMIT 1] affect rows num [1]
2025-12-06 17:21:17.305900	INFO	beaconImp/http_handler.go:46	Loaded resource for user 1: wood=1000
2025-12-06 17:21:19.382393	WARN	beaconImp/http_handler.go:169	No userId in context, redirecting to login
2025-12-06 17:22:07.392733	INFO	gorm@v1.31.1/callbacks.go:140	execute [SELECT count(*) FROM sqlite_master WHERE type='table' AND name="users"] affect rows num [-1]
2025-12-06 17:22:07.408360	INFO	gorm@v1.31.1/finisher_api.go:545	execute [SELECT sql FROM sqlite_master WHERE type IN ("table","index") AND tbl_name = "users" AND sql IS NOT NULL order by type = "table" desc] affect rows num [2]
2025-12-06 17:22:07.408915	INFO	gorm@v1.31.1/callbacks.go:140	execute [SELECT * FROM `users` LIMIT 1] affect rows num [-1]
2025-12-06 17:22:07.408915	INFO	gorm@v1.31.1/callbacks.go:140	execute [SELECT count(*) FROM sqlite_master WHERE type = "index" AND tbl_name = "users" AND name = "idx_users_deleted_at"] affect rows num [-1]
2025-12-06 17:22:07.409472	INFO	gorm@v1.31.1/callbacks.go:140	execute [SELECT count(*) FROM sqlite_master WHERE type='table' AND name="users"] affect rows num [-1]
2025-12-06 17:22:07.409472	INFO	gorm@v1.31.1/finisher_api.go:545	execute [SELECT sql FROM sqlite_master WHERE type IN ("table","index") AND tbl_name = "users" AND sql IS NOT NULL order by type = "table" desc] affect rows num [2]
2025-12-06 17:22:07.409472	INFO	gorm@v1.31.1/callbacks.go:140	execute [SELECT * FROM `users` LIMIT 1] affect rows num [-1]
2025-12-06 17:22:07.410009	INFO	gorm@v1.31.1/callbacks.go:140	execute [SELECT count(*) FROM sqlite_master WHERE type = "index" AND tbl_name = "users" AND name = "idx_users_deleted_at"] affect rows num [-1]
2025-12-06 17:22:07.410009	INFO	gorm@v1.31.1/callbacks.go:140	execute [SELECT count(*) FROM sqlite_master WHERE type='table' AND name="resources"] affect rows num [-1]
2025-12-06 17:22:07.410009	INFO	gorm@v1.31.1/finisher_api.go:545	execute [SELECT sql FROM sqlite_master WHERE type IN ("table","index") AND tbl_name = "resources" AND sql IS NOT NULL order by type = "table" desc] affect rows num [3]
2025-12-06 17:22:07.410536	INFO	gorm@v1.31.1/callbacks.go:140	execute [SELECT * FROM `resources` LIMIT 1] affect rows num [-1]
2025-12-06 17:22:07.410536	INFO	gorm@v1.31.1/callbacks.go:140	execute [SELECT count(*) FROM sqlite_master WHERE type = "index" AND tbl_name = "resources" AND name = "idx_resources_deleted_at"] affect rows num [-1]
2025-12-06 17:22:07.410536	INFO	gorm@v1.31.1/callbacks.go:140	execute [SELECT count(*) FROM sqlite_master WHERE type = "index" AND tbl_name = "resources" AND name = "idx_resources_user_id"] affect rows num [-1]
2025-12-06 17:22:07.410536	INFO	gorm@v1.31.1/callbacks.go:140	execute [SELECT count(*) FROM sqlite_master WHERE type='table' AND name="buildings"] affect rows num [-1]
2025-12-06 17:22:07.411064	INFO	gorm@v1.31.1/finisher_api.go:545	execute [SELECT sql FROM sqlite_master WHERE type IN ("table","index") AND tbl_name = "buildings" AND sql IS NOT NULL order by type = "table" desc] affect rows num [3]
2025-12-06 17:22:07.411064	INFO	gorm@v1.31.1/callbacks.go:140	execute [SELECT * FROM `buildings` LIMIT 1] affect rows num [-1]
2025-12-06 17:22:07.411064	INFO	gorm@v1.31.1/callbacks.go:140	execute [SELECT count(*) FROM sqlite_master WHERE type = "index" AND tbl_name = "buildings" AND name = "idx_buildings_deleted_at"] affect rows num [-1]
2025-12-06 17:22:07.411064	INFO	gorm@v1.31.1/callbacks.go:140	execute [SELECT count(*) FROM sqlite_master WHERE type = "index" AND tbl_name = "buildings" AND name = "idx_buildings_user_id"] affect rows num [-1]
2025-12-06 17:22:11.482726	WARN	beaconImp/http_handler.go:172	Invalid userId type: <nil>, value: <nil>
2025-12-06 17:22:13.595138	ERROR	beaconImp/http_handler.go:20	Auth failed, redirecting to login.
2025-12-06 17:22:14.594427	INFO	gorm@v1.31.1/callbacks.go:140	execute [SELECT * FROM `users` WHERE username = "abc" AND `users`.`deleted_at` IS NULL ORDER BY `users`.`id` LIMIT 1] affect rows num [1]
2025-12-06 17:22:15.564752	INFO	beaconImp/http_handler.go:146	User abc logged in.
2025-12-06 17:22:15.569531	INFO	gorm@v1.31.1/callbacks.go:140	execute [SELECT * FROM `resources` WHERE `resources`.`user_id` = 1 AND `resources`.`deleted_at` IS NULL ORDER BY `resources`.`id` LIMIT 1] affect rows num [1]
2025-12-06 17:22:15.569531	INFO	beaconImp/http_handler.go:46	Loaded resource for user 1: wood=1000
2025-12-06 17:22:16.966630	WARN	beaconImp/http_handler.go:172	Invalid userId type: <nil>, value: <nil>
2025-12-06 17:22:17.819085	INFO	gorm@v1.31.1/callbacks.go:140	execute [SELECT * FROM `users` WHERE username = "abc" AND `users`.`deleted_at` IS NULL ORDER BY `users`.`id` LIMIT 1] affect rows num [1]
2025-12-06 17:22:18.775528	INFO	beaconImp/http_handler.go:146	User abc logged in.
2025-12-06 17:22:18.780500	INFO	gorm@v1.31.1/callbacks.go:140	execute [SELECT * FROM `resources` WHERE `resources`.`user_id` = 1 AND `resources`.`deleted_at` IS NULL ORDER BY `resources`.`id` LIMIT 1] affect rows num [1]
2025-12-06 17:22:18.780500	INFO	beaconImp/http_handler.go:46	Loaded resource for user 1: wood=1000
2025-12-06 17:22:24.011497	INFO	gorm@v1.31.1/callbacks.go:140	execute [SELECT count(*) FROM sqlite_master WHERE type='table' AND name="users"] affect rows num [-1]
2025-12-06 17:22:24.027213	INFO	gorm@v1.31.1/finisher_api.go:545	execute [SELECT sql FROM sqlite_master WHERE type IN ("table","index") AND tbl_name = "users" AND sql IS NOT NULL order by type = "table" desc] affect rows num [2]
2025-12-06 17:22:24.027751	INFO	gorm@v1.31.1/callbacks.go:140	execute [SELECT * FROM `users` LIMIT 1] affect rows num [-1]
2025-12-06 17:22:24.027751	INFO	gorm@v1.31.1/callbacks.go:140	execute [SELECT count(*) FROM sqlite_master WHERE type = "index" AND tbl_name = "users" AND name = "idx_users_deleted_at"] affect rows num [-1]
2025-12-06 17:22:24.028277	INFO	gorm@v1.31.1/callbacks.go:140	execute [SELECT count(*) FROM sqlite_master WHERE type='table' AND name="users"] affect rows num [-1]
2025-12-06 17:22:24.028277	INFO	gorm@v1.31.1/finisher_api.go:545	execute [SELECT sql FROM sqlite_master WHERE type IN ("table","index") AND tbl_name = "users" AND sql IS NOT NULL order by type = "table" desc] affect rows num [2]
2025-12-06 17:22:24.028277	INFO	gorm@v1.31.1/callbacks.go:140	execute [SELECT * FROM `users` LIMIT 1] affect rows num [-1]
2025-12-06 17:22:24.028809	INFO	gorm@v1.31.1/callbacks.go:140	execute [SELECT count(*) FROM sqlite_master WHERE type = "index" AND tbl_name = "users" AND name = "idx_users_deleted_at"] affect rows num [-1]
2025-12-06 17:22:24.028809	INFO	gorm@v1.31.1/callbacks.go:140	execute [SELECT count(*) FROM sqlite_master WHERE type='table' AND name="resources"] affect rows num [-1]
2025-12-06 17:22:24.028809	INFO	gorm@v1.31.1/finisher_api.go:545	execute [SELECT sql FROM sqlite_master WHERE type IN ("table","index") AND tbl_name = "resources" AND sql IS NOT NULL order by type = "table" desc] affect rows num [3]
2025-12-06 17:22:24.028809	INFO	gorm@v1.31.1/callbacks.go:140	execute [SELECT * FROM `resources` LIMIT 1] affect rows num [-1]
2025-12-06 17:22:24.029337	INFO	gorm@v1.31.1/callbacks.go:140	execute [SELECT count(*) FROM sqlite_master WHERE type = "index" AND tbl_name = "resources" AND name = "idx_resources_deleted_at"] affect rows num [-1]
2025-12-06 17:22:24.029337	INFO	gorm@v1.31.1/callbacks.go:140	execute [SELECT count(*) FROM sqlite_master WHERE type = "index" AND tbl_name = "resources" AND name = "idx_resources_user_id"] affect rows num [-1]
2025-12-06 17:22:24.029337	INFO	gorm@v1.31.1/callbacks.go:140	execute [SELECT count(*) FROM sqlite_master WHERE type='table' AND name="buildings"] affect rows num [-1]
2025-12-06 17:22:24.029337	INFO	gorm@v1.31.1/finisher_api.go:545	execute [SELECT sql FROM sqlite_master WHERE type IN ("table","index") AND tbl_name = "buildings" AND sql IS NOT NULL order by type = "table" desc] affect rows num [3]
2025-12-06 17:22:24.029868	INFO	gorm@v1.31.1/callbacks.go:140	execute [SELECT * FROM `buildings` LIMIT 1] affect rows num [-1]
2025-12-06 17:22:24.029868	INFO	gorm@v1.31.1/callbacks.go:140	execute [SELECT count(*) FROM sqlite_master WHERE type = "index" AND tbl_name = "buildings" AND name = "idx_buildings_deleted_at"] affect rows num [-1]
2025-12-06 17:22:24.029868	INFO	gorm@v1.31.1/callbacks.go:140	execute [SELECT count(*) FROM sqlite_master WHERE type = "index" AND tbl_name = "buildings" AND name = "idx_buildings_user_id"] affect rows num [-1]
2025-12-06 17:22:46.059019	INFO	gorm@v1.31.1/callbacks.go:140	execute [SELECT count(*) FROM sqlite_master WHERE type='table' AND name="users"] affect rows num [-1]
2025-12-06 17:22:46.079120	INFO	gorm@v1.31.1/finisher_api.go:545	execute [SELECT sql FROM sqlite_master WHERE type IN ("table","index") AND tbl_name = "users" AND sql IS NOT NULL order by type = "table" desc] affect rows num [2]
2025-12-06 17:22:46.079660	INFO	gorm@v1.31.1/callbacks.go:140	execute [SELECT * FROM `users` LIMIT 1] affect rows num [-1]
2025-12-06 17:22:46.079660	INFO	gorm@v1.31.1/callbacks.go:140	execute [SELECT count(*) FROM sqlite_master WHERE type = "index" AND tbl_name = "users" AND name = "idx_users_deleted_at"] affect rows num [-1]
2025-12-06 17:22:46.080212	INFO	gorm@v1.31.1/callbacks.go:140	execute [SELECT count(*) FROM sqlite_master WHERE type='table' AND name="users"] affect rows num [-1]
2025-12-06 17:22:46.080212	INFO	gorm@v1.31.1/finisher_api.go:545	execute [SELECT sql FROM sqlite_master WHERE type IN ("table","index") AND tbl_name = "users" AND sql IS NOT NULL order by type = "table" desc] affect rows num [2]
2025-12-06 17:22:46.080212	INFO	gorm@v1.31.1/callbacks.go:140	execute [SELECT * FROM `users` LIMIT 1] affect rows num [-1]
2025-12-06 17:22:46.080212	INFO	gorm@v1.31.1/callbacks.go:140	execute [SELECT count(*) FROM sqlite_master WHERE type = "index" AND tbl_name = "users" AND name = "idx_users_deleted_at"] affect rows num [-1]
2025-12-06 17:22:46.080743	INFO	gorm@v1.31.1/callbacks.go:140	execute [SELECT count(*) FROM sqlite_master WHERE type='table' AND name="resources"] affect rows num [-1]
2025-12-06 17:22:46.080743	INFO	gorm@v1.31.1/finisher_api.go:545	execute [SELECT sql FROM sqlite_master WHERE type IN ("table","index") AND tbl_name = "resources" AND sql IS NOT NULL order by type = "table" desc] affect rows num [3]
2025-12-06 17:22:46.080743	INFO	gorm@v1.31.1/callbacks.go:140	execute [SELECT * FROM `resources` LIMIT 1] affect rows num [-1]
2025-12-06 17:22:46.080743	INFO	gorm@v1.31.1/callbacks.go:140	execute [SELECT count(*) FROM sqlite_master WHERE type = "index" AND tbl_name = "resources" AND name = "idx_resources_deleted_at"] affect rows num [-1]
2025-12-06 17:22:46.081264	INFO	gorm@v1.31.1/callbacks.go:140	execute [SELECT count(*) FROM sqlite_master WHERE type = "index" AND tbl_name = "resources" AND name = "idx_resources_user_id"] affect rows num [-1]
2025-12-06 17:22:46.081264	INFO	gorm@v1.31.1/callbacks.go:140	execute [SELECT count(*) FROM sqlite_master WHERE type='table' AND name="buildings"] affect rows num [-1]
2025-12-06 17:22:46.081264	INFO	gorm@v1.31.1/finisher_api.go:545	execute [SELECT sql FROM sqlite_master WHERE type IN ("table","index") AND tbl_name = "buildings" AND sql IS NOT NULL order by type = "table" desc] affect rows num [3]
2025-12-06 17:22:46.081264	INFO	gorm@v1.31.1/callbacks.go:140	execute [SELECT * FROM `buildings` LIMIT 1] affect rows num [-1]
2025-12-06 17:22:46.081791	INFO	gorm@v1.31.1/callbacks.go:140	execute [SELECT count(*) FROM sqlite_master WHERE type = "index" AND tbl_name = "buildings" AND name = "idx_buildings_deleted_at"] affect rows num [-1]
2025-12-06 17:22:46.081791	INFO	gorm@v1.31.1/callbacks.go:140	execute [SELECT count(*) FROM sqlite_master WHERE type = "index" AND tbl_name = "buildings" AND name = "idx_buildings_user_id"] affect rows num [-1]
2025-12-06 17:22:52.505233	ERROR	beaconImp/http_handler.go:20	Auth failed, redirecting to login.
2025-12-06 17:22:53.252674	INFO	gorm@v1.31.1/callbacks.go:140	execute [SELECT * FROM `users` WHERE username = "abc" AND `users`.`deleted_at` IS NULL ORDER BY `users`.`id` LIMIT 1] affect rows num [1]
2025-12-06 17:22:54.194116	INFO	beaconImp/http_handler.go:146	User abc logged in.
2025-12-06 17:22:54.198494	INFO	gorm@v1.31.1/callbacks.go:140	execute [SELECT * FROM `resources` WHERE `resources`.`user_id` = 1 AND `resources`.`deleted_at` IS NULL ORDER BY `resources`.`id` LIMIT 1] affect rows num [1]
2025-12-06 17:22:54.198494	INFO	beaconImp/http_handler.go:46	Loaded resource for user 1: wood=1000
2025-12-06 17:22:54.918194	INFO	gorm@v1.31.1/callbacks.go:140	execute [SELECT * FROM `resources` WHERE `resources`.`deleted_at` IS NULL ORDER BY `resources`.`id` LIMIT 1] affect rows num [1]
2025-12-06 17:22:54.918860	INFO	gorm@v1.31.1/callbacks.go:140	execute [SELECT * FROM `buildings` WHERE user_id = 0 AND `buildings`.`deleted_at` IS NULL] affect rows num [0]
2025-12-06 17:22:56.248590	INFO	gorm@v1.31.1/callbacks.go:140	execute [SELECT * FROM `resources` WHERE `resources`.`user_id` = 1 AND `resources`.`deleted_at` IS NULL ORDER BY `resources`.`id` LIMIT 1] affect rows num [1]
2025-12-06 17:22:56.248590	INFO	beaconImp/http_handler.go:46	Loaded resource for user 1: wood=1000
2025-12-06 17:23:02.791541	INFO	gorm@v1.31.1/callbacks.go:140	execute [SELECT * FROM `resources` WHERE `resources`.`deleted_at` IS NULL ORDER BY `resources`.`id` LIMIT 1] affect rows num [1]
2025-12-06 17:23:02.792047	INFO	gorm@v1.31.1/callbacks.go:140	execute [SELECT * FROM `buildings` WHERE user_id = 0 AND `buildings`.`deleted_at` IS NULL] affect rows num [0]
2025-12-06 17:24:53.447758	INFO	gorm@v1.31.1/callbacks.go:140	execute [SELECT count(*) FROM sqlite_master WHERE type='table' AND name="users"] affect rows num [-1]
2025-12-06 17:24:53.465528	INFO	gorm@v1.31.1/finisher_api.go:545	execute [SELECT sql FROM sqlite_master WHERE type IN ("table","index") AND tbl_name = "users" AND sql IS NOT NULL order by type = "table" desc] affect rows num [2]
2025-12-06 17:24:53.465528	INFO	gorm@v1.31.1/callbacks.go:140	execute [SELECT * FROM `users` LIMIT 1] affect rows num [-1]
2025-12-06 17:24:53.466065	INFO	gorm@v1.31.1/callbacks.go:140	execute [SELECT count(*) FROM sqlite_master WHERE type = "index" AND tbl_name = "users" AND name = "idx_users_deleted_at"] affect rows num [-1]
2025-12-06 17:24:53.466065	INFO	gorm@v1.31.1/callbacks.go:140	execute [SELECT count(*) FROM sqlite_master WHERE type='table' AND name="users"] affect rows num [-1]
2025-12-06 17:24:53.467107	INFO	gorm@v1.31.1/finisher_api.go:545	execute [SELECT sql FROM sqlite_master WHERE type IN ("table","index") AND tbl_name = "users" AND sql IS NOT NULL order by type = "table" desc] affect rows num [2]
2025-12-06 17:24:53.467107	INFO	gorm@v1.31.1/callbacks.go:140	execute [SELECT * FROM `users` LIMIT 1] affect rows num [-1]
2025-12-06 17:24:53.467693	INFO	gorm@v1.31.1/callbacks.go:140	execute [SELECT count(*) FROM sqlite_master WHERE type = "index" AND tbl_name = "users" AND name = "idx_users_deleted_at"] affect rows num [-1]
2025-12-06 17:24:53.467693	INFO	gorm@v1.31.1/callbacks.go:140	execute [SELECT count(*) FROM sqlite_master WHERE type='table' AND name="resources"] affect rows num [-1]
2025-12-06 17:24:53.467693	INFO	gorm@v1.31.1/finisher_api.go:545	execute [SELECT sql FROM sqlite_master WHERE type IN ("table","index") AND tbl_name = "resources" AND sql IS NOT NULL order by type = "table" desc] affect rows num [3]
2025-12-06 17:24:53.467693	INFO	gorm@v1.31.1/callbacks.go:140	execute [SELECT * FROM `resources` LIMIT 1] affect rows num [-1]
2025-12-06 17:24:53.468243	INFO	gorm@v1.31.1/callbacks.go:140	execute [SELECT count(*) FROM sqlite_master WHERE type = "index" AND tbl_name = "resources" AND name = "idx_resources_deleted_at"] affect rows num [-1]
2025-12-06 17:24:53.468243	INFO	gorm@v1.31.1/callbacks.go:140	execute [SELECT count(*) FROM sqlite_master WHERE type = "index" AND tbl_name = "resources" AND name = "idx_resources_user_id"] affect rows num [-1]
2025-12-06 17:24:53.468243	INFO	gorm@v1.31.1/callbacks.go:140	execute [SELECT count(*) FROM sqlite_master WHERE type='table' AND name="buildings"] affect rows num [-1]
2025-12-06 17:24:53.468243	INFO	gorm@v1.31.1/finisher_api.go:545	execute [SELECT sql FROM sqlite_master WHERE type IN ("table","index") AND tbl_name = "buildings" AND sql IS NOT NULL order by type = "table" desc] affect rows num [3]
2025-12-06 17:24:53.468764	INFO	gorm@v1.31.1/callbacks.go:140	execute [SELECT * FROM `buildings` LIMIT 1] affect rows num [-1]
2025-12-06 17:24:53.468764	INFO	gorm@v1.31.1/callbacks.go:140	execute [SELECT count(*) FROM sqlite_master WHERE type = "index" AND tbl_name = "buildings" AND name = "idx_buildings_deleted_at"] affect rows num [-1]
2025-12-06 17:24:53.468764	INFO	gorm@v1.31.1/callbacks.go:140	execute [SELECT count(*) FROM sqlite_master WHERE type = "index" AND tbl_name = "buildings" AND name = "idx_buildings_user_id"] affect rows num [-1]
2025-12-06 17:25:05.972609	INFO	beaconImp/http_handler.go:173	DEBUG: userIDVal=<nil> (type=<nil>), final userID=0
2025-12-06 17:25:05.973114	INFO	gorm@v1.31.1/callbacks.go:140	execute [SELECT * FROM `resources` WHERE `resources`.`deleted_at` IS NULL ORDER BY `resources`.`id` LIMIT 1] affect rows num [1]
2025-12-06 17:25:05.973114	INFO	beaconImp/http_handler.go:180	Loaded resource: {Model:{ID:1 CreatedAt:2025-12-04 20:27:58.1152128 +0800 +0800 UpdatedAt:2025-12-04 20:27:58.1152128 +0800 +0800 DeletedAt:{Time:0001-01-01 00:00:00 +0000 UTC Valid:false}} UserID:0 Wood:1000 Stone:200 Gold:300 Food:100}
2025-12-06 17:25:05.973114	INFO	gorm@v1.31.1/callbacks.go:140	execute [SELECT * FROM `buildings` WHERE user_id = 0 AND `buildings`.`deleted_at` IS NULL] affect rows num [0]
2025-12-06 17:25:07.449845	ERROR	beaconImp/http_handler.go:20	Auth failed, redirecting to login.
2025-12-06 17:25:08.236621	INFO	gorm@v1.31.1/callbacks.go:140	execute [SELECT * FROM `users` WHERE username = "abc" AND `users`.`deleted_at` IS NULL ORDER BY `users`.`id` LIMIT 1] affect rows num [1]
2025-12-06 17:25:08.649392	INFO	gorm@v1.31.1/callbacks.go:140	execute [SELECT * FROM `users` WHERE username = "abc" AND `users`.`deleted_at` IS NULL ORDER BY `users`.`id` LIMIT 1] affect rows num [1]
2025-12-06 17:25:09.171678	INFO	beaconImp/http_handler.go:146	User abc logged in.
2025-12-06 17:25:09.591170	INFO	beaconImp/http_handler.go:146	User abc logged in.
2025-12-06 17:25:09.596621	INFO	gorm@v1.31.1/callbacks.go:140	execute [SELECT * FROM `resources` WHERE `resources`.`user_id` = 1 AND `resources`.`deleted_at` IS NULL ORDER BY `resources`.`id` LIMIT 1] affect rows num [1]
2025-12-06 17:25:09.596621	INFO	beaconImp/http_handler.go:46	Loaded resource for user 1: wood=1000
2025-12-06 17:25:11.538112	INFO	beaconImp/http_handler.go:173	DEBUG: userIDVal=<nil> (type=<nil>), final userID=0
2025-12-06 17:25:11.538112	INFO	gorm@v1.31.1/callbacks.go:140	execute [SELECT * FROM `resources` WHERE `resources`.`deleted_at` IS NULL ORDER BY `resources`.`id` LIMIT 1] affect rows num [1]
2025-12-06 17:25:11.538112	INFO	beaconImp/http_handler.go:180	Loaded resource: {Model:{ID:1 CreatedAt:2025-12-04 20:27:58.1152128 +0800 +0800 UpdatedAt:2025-12-04 20:27:58.1152128 +0800 +0800 DeletedAt:{Time:0001-01-01 00:00:00 +0000 UTC Valid:false}} UserID:0 Wood:1000 Stone:200 Gold:300 Food:100}
2025-12-06 17:25:11.538617	INFO	gorm@v1.31.1/callbacks.go:140	execute [SELECT * FROM `buildings` WHERE user_id = 0 AND `buildings`.`deleted_at` IS NULL] affect rows num [0]
2025-12-06 17:25:12.874786	INFO	gorm@v1.31.1/callbacks.go:140	execute [SELECT * FROM `resources` WHERE `resources`.`user_id` = 1 AND `resources`.`deleted_at` IS NULL ORDER BY `resources`.`id` LIMIT 1] affect rows num [1]
2025-12-06 17:25:12.874786	INFO	beaconImp/http_handler.go:46	Loaded resource for user 1: wood=1000
2025-12-06 17:25:14.300165	INFO	beaconImp/http_handler.go:173	DEBUG: userIDVal=<nil> (type=<nil>), final userID=0
2025-12-06 17:25:14.300165	INFO	gorm@v1.31.1/callbacks.go:140	execute [SELECT * FROM `resources` WHERE `resources`.`deleted_at` IS NULL ORDER BY `resources`.`id` LIMIT 1] affect rows num [1]
2025-12-06 17:25:14.300165	INFO	beaconImp/http_handler.go:180	Loaded resource: {Model:{ID:1 CreatedAt:2025-12-04 20:27:58.1152128 +0800 +0800 UpdatedAt:2025-12-04 20:27:58.1152128 +0800 +0800 DeletedAt:{Time:0001-01-01 00:00:00 +0000 UTC Valid:false}} UserID:0 Wood:1000 Stone:200 Gold:300 Food:100}
2025-12-06 17:25:14.300670	INFO	gorm@v1.31.1/callbacks.go:140	execute [SELECT * FROM `buildings` WHERE user_id = 0 AND `buildings`.`deleted_at` IS NULL] affect rows num [0]
2025-12-06 17:30:29.947062	INFO	gorm@v1.31.1/callbacks.go:140	execute [SELECT count(*) FROM sqlite_master WHERE type='table' AND name="users"] affect rows num [-1]
2025-12-06 17:30:29.967497	INFO	gorm@v1.31.1/finisher_api.go:545	execute [SELECT sql FROM sqlite_master WHERE type IN ("table","index") AND tbl_name = "users" AND sql IS NOT NULL order by type = "table" desc] affect rows num [2]
2025-12-06 17:30:29.967497	INFO	gorm@v1.31.1/callbacks.go:140	execute [SELECT * FROM `users` LIMIT 1] affect rows num [-1]
2025-12-06 17:30:29.967497	INFO	gorm@v1.31.1/callbacks.go:140	execute [SELECT count(*) FROM sqlite_master WHERE type = "index" AND tbl_name = "users" AND name = "idx_users_deleted_at"] affect rows num [-1]
2025-12-06 17:30:29.968073	INFO	gorm@v1.31.1/callbacks.go:140	execute [SELECT count(*) FROM sqlite_master WHERE type='table' AND name="users"] affect rows num [-1]
2025-12-06 17:30:29.968607	INFO	gorm@v1.31.1/finisher_api.go:545	execute [SELECT sql FROM sqlite_master WHERE type IN ("table","index") AND tbl_name = "users" AND sql IS NOT NULL order by type = "table" desc] affect rows num [2]
2025-12-06 17:30:29.968607	INFO	gorm@v1.31.1/callbacks.go:140	execute [SELECT * FROM `users` LIMIT 1] affect rows num [-1]
2025-12-06 17:30:29.968607	INFO	gorm@v1.31.1/callbacks.go:140	execute [SELECT count(*) FROM sqlite_master WHERE type = "index" AND tbl_name = "users" AND name = "idx_users_deleted_at"] affect rows num [-1]
2025-12-06 17:30:29.969144	INFO	gorm@v1.31.1/callbacks.go:140	execute [SELECT count(*) FROM sqlite_master WHERE type='table' AND name="resources"] affect rows num [-1]
2025-12-06 17:30:29.969144	INFO	gorm@v1.31.1/finisher_api.go:545	execute [SELECT sql FROM sqlite_master WHERE type IN ("table","index") AND tbl_name = "resources" AND sql IS NOT NULL order by type = "table" desc] affect rows num [3]
2025-12-06 17:30:29.969144	INFO	gorm@v1.31.1/callbacks.go:140	execute [SELECT * FROM `resources` LIMIT 1] affect rows num [-1]
2025-12-06 17:30:29.969666	INFO	gorm@v1.31.1/callbacks.go:140	execute [SELECT count(*) FROM sqlite_master WHERE type = "index" AND tbl_name = "resources" AND name = "idx_resources_deleted_at"] affect rows num [-1]
2025-12-06 17:30:29.969666	INFO	gorm@v1.31.1/callbacks.go:140	execute [SELECT count(*) FROM sqlite_master WHERE type = "index" AND tbl_name = "resources" AND name = "idx_resources_user_id"] affect rows num [-1]
2025-12-06 17:30:29.969666	INFO	gorm@v1.31.1/callbacks.go:140	execute [SELECT count(*) FROM sqlite_master WHERE type='table' AND name="buildings"] affect rows num [-1]
2025-12-06 17:30:29.970196	INFO	gorm@v1.31.1/finisher_api.go:545	execute [SELECT sql FROM sqlite_master WHERE type IN ("table","index") AND tbl_name = "buildings" AND sql IS NOT NULL order by type = "table" desc] affect rows num [3]
2025-12-06 17:30:29.970196	INFO	gorm@v1.31.1/callbacks.go:140	execute [SELECT * FROM `buildings` LIMIT 1] affect rows num [-1]
2025-12-06 17:30:29.970196	INFO	gorm@v1.31.1/callbacks.go:140	execute [SELECT count(*) FROM sqlite_master WHERE type = "index" AND tbl_name = "buildings" AND name = "idx_buildings_deleted_at"] affect rows num [-1]
2025-12-06 17:30:29.970715	INFO	gorm@v1.31.1/callbacks.go:140	execute [SELECT count(*) FROM sqlite_master WHERE type = "index" AND tbl_name = "buildings" AND name = "idx_buildings_user_id"] affect rows num [-1]
