2025-12-04 12:27:18.820326	INFO	gorm@v1.31.1/callbacks.go:140	execute [SELECT count(*) FROM sqlite_master WHERE type='table' AND name="users"] affect rows num [-1]
2025-12-04 12:27:18.837147	INFO	gorm@v1.31.1/finisher_api.go:545	execute [SELECT sql FROM sqlite_master WHERE type IN ("table","index") AND tbl_name = "users" AND sql IS NOT NULL order by type = "table" desc] affect rows num [2]
2025-12-04 12:27:18.837147	INFO	gorm@v1.31.1/callbacks.go:140	execute [SELECT * FROM `users` LIMIT 1] affect rows num [-1]
2025-12-04 12:27:18.837147	INFO	gorm@v1.31.1/callbacks.go:140	execute [SELECT count(*) FROM sqlite_master WHERE type = "index" AND tbl_name = "users" AND name = "idx_users_deleted_at"] affect rows num [-1]
2025-12-04 12:27:34.328933	ERROR	beaconImp/http_handler.go:20	Auth failed, redirecting to login.
2025-12-04 12:27:52.497079	INFO	gorm@v1.31.1/callbacks.go:140	execute [SELECT * FROM `users` WHERE username = "abc" AND `users`.`deleted_at` IS NULL ORDER BY `users`.`id` LIMIT 1] affect rows num [1]
2025-12-04 12:27:53.416281	INFO	beaconImp/http_handler.go:119	User abc logged in.
2025-12-04 12:27:59.170219	ERROR	beaconImp/http_handler.go:20	Auth failed, redirecting to login.
2025-12-04 12:28:09.011771	INFO	gorm@v1.31.1/callbacks.go:140	execute [SELECT * FROM `users` WHERE username = "abc" AND `users`.`deleted_at` IS NULL ORDER BY `users`.`id` LIMIT 1] affect rows num [1]
2025-12-04 12:28:09.857576	INFO	beaconImp/http_handler.go:119	User abc logged in.
2025-12-04 12:41:19.073552	INFO	gorm@v1.31.1/callbacks.go:140	execute [SELECT count(*) FROM sqlite_master WHERE type='table' AND name="users"] affect rows num [-1]
2025-12-04 12:41:19.088944	INFO	gorm@v1.31.1/finisher_api.go:545	execute [SELECT sql FROM sqlite_master WHERE type IN ("table","index") AND tbl_name = "users" AND sql IS NOT NULL order by type = "table" desc] affect rows num [2]
2025-12-04 12:41:19.088944	INFO	gorm@v1.31.1/callbacks.go:140	execute [SELECT * FROM `users` LIMIT 1] affect rows num [-1]
2025-12-04 12:41:19.089491	INFO	gorm@v1.31.1/callbacks.go:140	execute [SELECT count(*) FROM sqlite_master WHERE type = "index" AND tbl_name = "users" AND name = "idx_users_deleted_at"] affect rows num [-1]
2025-12-04 12:41:27.272065	ERROR	beaconImp/http_handler.go:20	Auth failed, redirecting to login.
2025-12-04 12:41:31.395514	INFO	gorm@v1.31.1/callbacks.go:140	execute [SELECT * FROM `users` WHERE username = "abc" AND `users`.`deleted_at` IS NULL ORDER BY `users`.`id` LIMIT 1] affect rows num [1]
2025-12-04 12:41:32.239250	INFO	beaconImp/http_handler.go:119	User abc logged in.
2025-12-04 12:58:17.037845	INFO	gorm@v1.31.1/callbacks.go:140	execute [SELECT count(*) FROM sqlite_master WHERE type='table' AND name="users"] affect rows num [-1]
2025-12-04 12:58:17.057666	INFO	gorm@v1.31.1/finisher_api.go:545	execute [SELECT sql FROM sqlite_master WHERE type IN ("table","index") AND tbl_name = "users" AND sql IS NOT NULL order by type = "table" desc] affect rows num [2]
2025-12-04 12:58:17.057666	INFO	gorm@v1.31.1/callbacks.go:140	execute [SELECT * FROM `users` LIMIT 1] affect rows num [-1]
2025-12-04 12:58:17.058205	INFO	gorm@v1.31.1/callbacks.go:140	execute [SELECT count(*) FROM sqlite_master WHERE type = "index" AND tbl_name = "users" AND name = "idx_users_deleted_at"] affect rows num [-1]
2025-12-04 12:59:14.645673	ERROR	beaconImp/http_handler.go:20	Auth failed, redirecting to login.
2025-12-04 12:59:18.667810	INFO	gorm@v1.31.1/callbacks.go:140	execute [SELECT * FROM `users` WHERE username = "abc" AND `users`.`deleted_at` IS NULL ORDER BY `users`.`id` LIMIT 1] affect rows num [1]
2025-12-04 12:59:19.605087	INFO	beaconImp/http_handler.go:119	User abc logged in.
2025-12-04 18:11:52.939970	ERROR	beaconImp/http_handler.go:20	Auth failed, redirecting to login.
2025-12-04 18:11:53.809662	INFO	gorm@v1.31.1/callbacks.go:140	execute [SELECT * FROM `users` WHERE username = "abc" AND `users`.`deleted_at` IS NULL ORDER BY `users`.`id` LIMIT 1] affect rows num [1]
2025-12-04 18:11:54.665196	INFO	beaconImp/http_handler.go:119	User abc logged in.
2025-12-04 19:49:35.731128	INFO	gorm@v1.31.1/callbacks.go:140	execute [SELECT count(*) FROM sqlite_master WHERE type='table' AND name="users"] affect rows num [-1]
2025-12-04 19:49:35.753109	INFO	gorm@v1.31.1/finisher_api.go:545	execute [SELECT sql FROM sqlite_master WHERE type IN ("table","index") AND tbl_name = "users" AND sql IS NOT NULL order by type = "table" desc] affect rows num [2]
2025-12-04 19:49:35.753109	INFO	gorm@v1.31.1/callbacks.go:140	execute [SELECT * FROM `users` LIMIT 1] affect rows num [-1]
2025-12-04 19:49:35.753109	INFO	gorm@v1.31.1/callbacks.go:140	execute [SELECT count(*) FROM sqlite_master WHERE type = "index" AND tbl_name = "users" AND name = "idx_users_deleted_at"] affect rows num [-1]
2025-12-04 19:49:35.754111	INFO	gorm@v1.31.1/callbacks.go:140	execute [SELECT count(*) FROM sqlite_master WHERE type='table' AND name="users"] affect rows num [-1]
2025-12-04 19:49:35.754619	INFO	gorm@v1.31.1/finisher_api.go:545	execute [SELECT sql FROM sqlite_master WHERE type IN ("table","index") AND tbl_name = "users" AND sql IS NOT NULL order by type = "table" desc] affect rows num [2]
2025-12-04 19:49:35.754619	INFO	gorm@v1.31.1/callbacks.go:140	execute [SELECT * FROM `users` LIMIT 1] affect rows num [-1]
2025-12-04 19:49:35.754619	INFO	gorm@v1.31.1/callbacks.go:140	execute [SELECT count(*) FROM sqlite_master WHERE type = "index" AND tbl_name = "users" AND name = "idx_users_deleted_at"] affect rows num [-1]
2025-12-04 19:49:35.754619	INFO	gorm@v1.31.1/callbacks.go:140	execute [SELECT count(*) FROM sqlite_master WHERE type='table' AND name="recources"] affect rows num [-1]
2025-12-04 19:49:35.761142	INFO	gorm@v1.31.1/callbacks.go:140	execute [CREATE TABLE `recources` (`id` integer PRIMARY KEY AUTOINCREMENT,`created_at` datetime,`updated_at` datetime,`deleted_at` datetime,`user_id` integer,`wood` integer DEFAULT 1000,`stone` integer DEFAULT 150,`gold` integer DEFAULT 300,`food` integer DEFAULT 100)] affect rows num [0]
2025-12-04 19:49:35.765143	INFO	gorm@v1.31.1/callbacks.go:140	execute [CREATE UNIQUE INDEX `idx_recources_user_id` ON `recources`(`user_id`)] affect rows num [0]
2025-12-04 19:49:35.769143	INFO	gorm@v1.31.1/callbacks.go:140	execute [CREATE INDEX `idx_recources_deleted_at` ON `recources`(`deleted_at`)] affect rows num [0]
2025-12-04 19:49:35.770145	INFO	gorm@v1.31.1/callbacks.go:140	execute [SELECT count(*) FROM sqlite_master WHERE type='table' AND name="buildings"] affect rows num [-1]
2025-12-04 19:49:35.774932	INFO	gorm@v1.31.1/callbacks.go:140	execute [CREATE TABLE `buildings` (`id` integer PRIMARY KEY AUTOINCREMENT,`created_at` datetime,`updated_at` datetime,`deleted_at` datetime,`user_id` integer,`type` text NOT NULL,`level` integer DEFAULT 1,`is_upgrading` numeric DEFAULT false,`upgrade_end_time` integer DEFAULT 0)] affect rows num [0]
2025-12-04 19:49:35.778981	INFO	gorm@v1.31.1/callbacks.go:140	execute [CREATE INDEX `idx_buildings_user_id` ON `buildings`(`user_id`)] affect rows num [0]
2025-12-04 19:49:35.783394	INFO	gorm@v1.31.1/callbacks.go:140	execute [CREATE INDEX `idx_buildings_deleted_at` ON `buildings`(`deleted_at`)] affect rows num [0]
2025-12-04 19:52:33.734925	INFO	gorm@v1.31.1/callbacks.go:140	execute [SELECT count(*) FROM sqlite_master WHERE type='table' AND name="users"] affect rows num [-1]
2025-12-04 19:52:33.760154	INFO	gorm@v1.31.1/finisher_api.go:545	execute [SELECT sql FROM sqlite_master WHERE type IN ("table","index") AND tbl_name = "users" AND sql IS NOT NULL order by type = "table" desc] affect rows num [2]
2025-12-04 19:52:33.760154	INFO	gorm@v1.31.1/callbacks.go:140	execute [SELECT * FROM `users` LIMIT 1] affect rows num [-1]
2025-12-04 19:52:33.761153	INFO	gorm@v1.31.1/callbacks.go:140	execute [SELECT count(*) FROM sqlite_master WHERE type = "index" AND tbl_name = "users" AND name = "idx_users_deleted_at"] affect rows num [-1]
2025-12-04 19:52:33.761153	INFO	gorm@v1.31.1/callbacks.go:140	execute [SELECT count(*) FROM sqlite_master WHERE type='table' AND name="users"] affect rows num [-1]
2025-12-04 19:52:33.761153	INFO	gorm@v1.31.1/finisher_api.go:545	execute [SELECT sql FROM sqlite_master WHERE type IN ("table","index") AND tbl_name = "users" AND sql IS NOT NULL order by type = "table" desc] affect rows num [2]
2025-12-04 19:52:33.761153	INFO	gorm@v1.31.1/callbacks.go:140	execute [SELECT * FROM `users` LIMIT 1] affect rows num [-1]
2025-12-04 19:52:33.762200	INFO	gorm@v1.31.1/callbacks.go:140	execute [SELECT count(*) FROM sqlite_master WHERE type = "index" AND tbl_name = "users" AND name = "idx_users_deleted_at"] affect rows num [-1]
2025-12-04 19:52:33.762200	INFO	gorm@v1.31.1/callbacks.go:140	execute [SELECT count(*) FROM sqlite_master WHERE type='table' AND name="recources"] affect rows num [-1]
2025-12-04 19:52:33.765330	INFO	gorm@v1.31.1/finisher_api.go:545	execute [SELECT sql FROM sqlite_master WHERE type IN ("table","index") AND tbl_name = "recources" AND sql IS NOT NULL order by type = "table" desc] affect rows num [3]
2025-12-04 19:52:33.765330	INFO	gorm@v1.31.1/callbacks.go:140	execute [SELECT * FROM `recources` LIMIT 1] affect rows num [-1]
2025-12-04 19:52:33.765330	INFO	gorm@v1.31.1/callbacks.go:140	execute [SELECT count(*) FROM sqlite_master WHERE type = "index" AND tbl_name = "recources" AND name = "idx_recources_deleted_at"] affect rows num [-1]
2025-12-04 19:52:33.766328	INFO	gorm@v1.31.1/callbacks.go:140	execute [SELECT count(*) FROM sqlite_master WHERE type = "index" AND tbl_name = "recources" AND name = "idx_recources_user_id"] affect rows num [-1]
2025-12-04 19:52:33.766328	INFO	gorm@v1.31.1/callbacks.go:140	execute [SELECT count(*) FROM sqlite_master WHERE type='table' AND name="buildings"] affect rows num [-1]
2025-12-04 19:52:33.766328	INFO	gorm@v1.31.1/finisher_api.go:545	execute [SELECT sql FROM sqlite_master WHERE type IN ("table","index") AND tbl_name = "buildings" AND sql IS NOT NULL order by type = "table" desc] affect rows num [3]
2025-12-04 19:52:33.766328	INFO	gorm@v1.31.1/callbacks.go:140	execute [SELECT * FROM `buildings` LIMIT 1] affect rows num [-1]
2025-12-04 19:52:33.766328	INFO	gorm@v1.31.1/callbacks.go:140	execute [SELECT count(*) FROM sqlite_master WHERE type = "index" AND tbl_name = "buildings" AND name = "idx_buildings_deleted_at"] affect rows num [-1]
2025-12-04 19:52:33.767328	INFO	gorm@v1.31.1/callbacks.go:140	execute [SELECT count(*) FROM sqlite_master WHERE type = "index" AND tbl_name = "buildings" AND name = "idx_buildings_user_id"] affect rows num [-1]
2025-12-04 20:19:01.661085	ERROR	beaconImp/http_handler.go:20	Auth failed, redirecting to login.
2025-12-04 20:19:02.556577	INFO	gorm@v1.31.1/callbacks.go:140	execute [SELECT * FROM `users` WHERE username = "abc" AND `users`.`deleted_at` IS NULL ORDER BY `users`.`id` LIMIT 1] affect rows num [1]
2025-12-04 20:19:03.436525	INFO	beaconImp/http_handler.go:119	User abc logged in.
2025-12-04 20:19:11.871897	INFO	gorm@v1.31.1/callbacks.go:140	execute [SELECT * FROM `users` WHERE username = "abc" AND `users`.`deleted_at` IS NULL ORDER BY `users`.`id` LIMIT 1] affect rows num [1]
2025-12-04 20:19:12.754547	INFO	beaconImp/http_handler.go:119	User abc logged in.
2025-12-04 20:22:25.657191	INFO	gorm@v1.31.1/callbacks.go:140	execute [SELECT count(*) FROM sqlite_master WHERE type='table' AND name="users"] affect rows num [-1]
2025-12-04 20:22:25.682167	INFO	gorm@v1.31.1/finisher_api.go:545	execute [SELECT sql FROM sqlite_master WHERE type IN ("table","index") AND tbl_name = "users" AND sql IS NOT NULL order by type = "table" desc] affect rows num [2]
2025-12-04 20:22:25.682167	INFO	gorm@v1.31.1/callbacks.go:140	execute [SELECT * FROM `users` LIMIT 1] affect rows num [-1]
2025-12-04 20:22:25.682704	INFO	gorm@v1.31.1/callbacks.go:140	execute [SELECT count(*) FROM sqlite_master WHERE type = "index" AND tbl_name = "users" AND name = "idx_users_deleted_at"] affect rows num [-1]
2025-12-04 20:22:25.683283	INFO	gorm@v1.31.1/callbacks.go:140	execute [SELECT count(*) FROM sqlite_master WHERE type='table' AND name="users"] affect rows num [-1]
2025-12-04 20:22:25.683283	INFO	gorm@v1.31.1/finisher_api.go:545	execute [SELECT sql FROM sqlite_master WHERE type IN ("table","index") AND tbl_name = "users" AND sql IS NOT NULL order by type = "table" desc] affect rows num [2]
2025-12-04 20:22:25.683817	INFO	gorm@v1.31.1/callbacks.go:140	execute [SELECT * FROM `users` LIMIT 1] affect rows num [-1]
2025-12-04 20:22:25.683817	INFO	gorm@v1.31.1/callbacks.go:140	execute [SELECT count(*) FROM sqlite_master WHERE type = "index" AND tbl_name = "users" AND name = "idx_users_deleted_at"] affect rows num [-1]
2025-12-04 20:22:25.683817	INFO	gorm@v1.31.1/callbacks.go:140	execute [SELECT count(*) FROM sqlite_master WHERE type='table' AND name="resources"] affect rows num [-1]
2025-12-04 20:22:25.689282	INFO	gorm@v1.31.1/callbacks.go:140	execute [CREATE TABLE `resources` (`id` integer PRIMARY KEY AUTOINCREMENT,`created_at` datetime,`updated_at` datetime,`deleted_at` datetime,`user_id` integer,`wood` integer DEFAULT 1000,`stone` integer DEFAULT 150,`gold` integer DEFAULT 300,`food` integer DEFAULT 100)] affect rows num [0]
2025-12-04 20:22:25.693001	INFO	gorm@v1.31.1/callbacks.go:140	execute [CREATE UNIQUE INDEX `idx_resources_user_id` ON `resources`(`user_id`)] affect rows num [0]
2025-12-04 20:22:25.696752	INFO	gorm@v1.31.1/callbacks.go:140	execute [CREATE INDEX `idx_resources_deleted_at` ON `resources`(`deleted_at`)] affect rows num [0]
2025-12-04 20:22:25.697365	INFO	gorm@v1.31.1/callbacks.go:140	execute [SELECT count(*) FROM sqlite_master WHERE type='table' AND name="buildings"] affect rows num [-1]
2025-12-04 20:22:25.697365	INFO	gorm@v1.31.1/finisher_api.go:545	execute [SELECT sql FROM sqlite_master WHERE type IN ("table","index") AND tbl_name = "buildings" AND sql IS NOT NULL order by type = "table" desc] affect rows num [3]
2025-12-04 20:22:25.697365	INFO	gorm@v1.31.1/callbacks.go:140	execute [SELECT * FROM `buildings` LIMIT 1] affect rows num [-1]
2025-12-04 20:22:25.698128	INFO	gorm@v1.31.1/callbacks.go:140	execute [SELECT count(*) FROM sqlite_master WHERE type = "index" AND tbl_name = "buildings" AND name = "idx_buildings_deleted_at"] affect rows num [-1]
2025-12-04 20:22:25.698128	INFO	gorm@v1.31.1/callbacks.go:140	execute [SELECT count(*) FROM sqlite_master WHERE type = "index" AND tbl_name = "buildings" AND name = "idx_buildings_user_id"] affect rows num [-1]
2025-12-04 20:22:25.921493	ERROR	beaconImp/http_handler.go:20	Auth failed, redirecting to login.
2025-12-04 20:22:30.735717	INFO	gorm@v1.31.1/callbacks.go:140	execute [SELECT * FROM `users` WHERE username = "abc" AND `users`.`deleted_at` IS NULL ORDER BY `users`.`id` LIMIT 1] affect rows num [1]
2025-12-04 20:22:31.658552	INFO	beaconImp/http_handler.go:150	User abc logged in.
2025-12-04 20:22:34.359394	INFO	gorm@v1.31.1/callbacks.go:140	execute [SELECT * FROM `users` WHERE username = "abc" AND `users`.`deleted_at` IS NULL ORDER BY `users`.`id` LIMIT 1] affect rows num [1]
2025-12-04 20:22:35.421589	INFO	beaconImp/http_handler.go:150	User abc logged in.
2025-12-04 20:22:49.014676	INFO	gorm@v1.31.1/callbacks.go:140	execute [SELECT * FROM `users` WHERE username = "abc" AND `users`.`deleted_at` IS NULL ORDER BY `users`.`id` LIMIT 1] affect rows num [1]
2025-12-04 20:22:49.897544	INFO	beaconImp/http_handler.go:150	User abc logged in.
2025-12-04 20:23:23.303357	INFO	gorm@v1.31.1/callbacks.go:140	execute [SELECT count(*) FROM sqlite_master WHERE type='table' AND name="users"] affect rows num [-1]
2025-12-04 20:23:23.322776	INFO	gorm@v1.31.1/finisher_api.go:545	execute [SELECT sql FROM sqlite_master WHERE type IN ("table","index") AND tbl_name = "users" AND sql IS NOT NULL order by type = "table" desc] affect rows num [2]
2025-12-04 20:23:23.322776	INFO	gorm@v1.31.1/callbacks.go:140	execute [SELECT * FROM `users` LIMIT 1] affect rows num [-1]
2025-12-04 20:23:23.323310	INFO	gorm@v1.31.1/callbacks.go:140	execute [SELECT count(*) FROM sqlite_master WHERE type = "index" AND tbl_name = "users" AND name = "idx_users_deleted_at"] affect rows num [-1]
2025-12-04 20:23:23.323310	INFO	gorm@v1.31.1/callbacks.go:140	execute [SELECT count(*) FROM sqlite_master WHERE type='table' AND name="users"] affect rows num [-1]
2025-12-04 20:23:23.323837	INFO	gorm@v1.31.1/finisher_api.go:545	execute [SELECT sql FROM sqlite_master WHERE type IN ("table","index") AND tbl_name = "users" AND sql IS NOT NULL order by type = "table" desc] affect rows num [2]
2025-12-04 20:23:23.323837	INFO	gorm@v1.31.1/callbacks.go:140	execute [SELECT * FROM `users` LIMIT 1] affect rows num [-1]
2025-12-04 20:23:23.323837	INFO	gorm@v1.31.1/callbacks.go:140	execute [SELECT count(*) FROM sqlite_master WHERE type = "index" AND tbl_name = "users" AND name = "idx_users_deleted_at"] affect rows num [-1]
2025-12-04 20:23:23.323837	INFO	gorm@v1.31.1/callbacks.go:140	execute [SELECT count(*) FROM sqlite_master WHERE type='table' AND name="resources"] affect rows num [-1]
2025-12-04 20:23:23.324378	INFO	gorm@v1.31.1/finisher_api.go:545	execute [SELECT sql FROM sqlite_master WHERE type IN ("table","index") AND tbl_name = "resources" AND sql IS NOT NULL order by type = "table" desc] affect rows num [3]
2025-12-04 20:23:23.324378	INFO	gorm@v1.31.1/callbacks.go:140	execute [SELECT * FROM `resources` LIMIT 1] affect rows num [-1]
2025-12-04 20:23:23.324926	INFO	gorm@v1.31.1/callbacks.go:140	execute [SELECT count(*) FROM sqlite_master WHERE type = "index" AND tbl_name = "resources" AND name = "idx_resources_deleted_at"] affect rows num [-1]
2025-12-04 20:23:23.324926	INFO	gorm@v1.31.1/callbacks.go:140	execute [SELECT count(*) FROM sqlite_master WHERE type = "index" AND tbl_name = "resources" AND name = "idx_resources_user_id"] affect rows num [-1]
2025-12-04 20:23:23.324926	INFO	gorm@v1.31.1/callbacks.go:140	execute [SELECT count(*) FROM sqlite_master WHERE type='table' AND name="buildings"] affect rows num [-1]
2025-12-04 20:23:23.325470	INFO	gorm@v1.31.1/finisher_api.go:545	execute [SELECT sql FROM sqlite_master WHERE type IN ("table","index") AND tbl_name = "buildings" AND sql IS NOT NULL order by type = "table" desc] affect rows num [3]
2025-12-04 20:23:23.325470	INFO	gorm@v1.31.1/callbacks.go:140	execute [SELECT * FROM `buildings` LIMIT 1] affect rows num [-1]
2025-12-04 20:23:23.325470	INFO	gorm@v1.31.1/callbacks.go:140	execute [SELECT count(*) FROM sqlite_master WHERE type = "index" AND tbl_name = "buildings" AND name = "idx_buildings_deleted_at"] affect rows num [-1]
2025-12-04 20:23:23.325991	INFO	gorm@v1.31.1/callbacks.go:140	execute [SELECT count(*) FROM sqlite_master WHERE type = "index" AND tbl_name = "buildings" AND name = "idx_buildings_user_id"] affect rows num [-1]
2025-12-04 20:23:26.935482	ERROR	beaconImp/http_handler.go:20	Auth failed, redirecting to login.
2025-12-04 20:23:27.891361	INFO	gorm@v1.31.1/callbacks.go:140	execute [SELECT * FROM `users` WHERE username = "abc" AND `users`.`deleted_at` IS NULL ORDER BY `users`.`id` LIMIT 1] affect rows num [1]
2025-12-04 20:23:28.807430	INFO	beaconImp/http_handler.go:147	User abc logged in.
2025-12-04 20:23:31.736750	INFO	gorm@v1.31.1/callbacks.go:140	execute [SELECT * FROM `users` WHERE username = "abc" AND `users`.`deleted_at` IS NULL ORDER BY `users`.`id` LIMIT 1] affect rows num [1]
2025-12-04 20:23:32.639806	INFO	beaconImp/http_handler.go:147	User abc logged in.
2025-12-04 20:23:34.768075	INFO	gorm@v1.31.1/callbacks.go:140	execute [SELECT * FROM `users` WHERE username = "abc" AND `users`.`deleted_at` IS NULL ORDER BY `users`.`id` LIMIT 1] affect rows num [1]
2025-12-04 20:23:35.666540	INFO	beaconImp/http_handler.go:147	User abc logged in.
2025-12-04 20:24:35.141073	INFO	gorm@v1.31.1/callbacks.go:140	execute [SELECT * FROM `users` WHERE username = "abc" AND `users`.`deleted_at` IS NULL ORDER BY `users`.`id` LIMIT 1] affect rows num [1]
2025-12-04 20:24:36.058983	INFO	beaconImp/http_handler.go:147	User abc logged in.
2025-12-04 20:25:03.468501	INFO	gorm@v1.31.1/callbacks.go:140	execute [SELECT * FROM `users` WHERE username = "abc" AND `users`.`deleted_at` IS NULL ORDER BY `users`.`id` LIMIT 1] affect rows num [1]
2025-12-04 20:25:04.321633	INFO	beaconImp/http_handler.go:147	User abc logged in.
2025-12-04 20:27:46.525567	INFO	gorm@v1.31.1/callbacks.go:140	execute [SELECT count(*) FROM sqlite_master WHERE type='table' AND name="users"] affect rows num [-1]
2025-12-04 20:27:46.554919	INFO	gorm@v1.31.1/finisher_api.go:545	execute [SELECT sql FROM sqlite_master WHERE type IN ("table","index") AND tbl_name = "users" AND sql IS NOT NULL order by type = "table" desc] affect rows num [2]
2025-12-04 20:27:46.554919	INFO	gorm@v1.31.1/callbacks.go:140	execute [SELECT * FROM `users` LIMIT 1] affect rows num [-1]
2025-12-04 20:27:46.555567	INFO	gorm@v1.31.1/callbacks.go:140	execute [SELECT count(*) FROM sqlite_master WHERE type = "index" AND tbl_name = "users" AND name = "idx_users_deleted_at"] affect rows num [-1]
2025-12-04 20:27:46.556104	INFO	gorm@v1.31.1/callbacks.go:140	execute [SELECT count(*) FROM sqlite_master WHERE type='table' AND name="users"] affect rows num [-1]
2025-12-04 20:27:46.556104	INFO	gorm@v1.31.1/finisher_api.go:545	execute [SELECT sql FROM sqlite_master WHERE type IN ("table","index") AND tbl_name = "users" AND sql IS NOT NULL order by type = "table" desc] affect rows num [2]
2025-12-04 20:27:46.556646	INFO	gorm@v1.31.1/callbacks.go:140	execute [SELECT * FROM `users` LIMIT 1] affect rows num [-1]
2025-12-04 20:27:46.556646	INFO	gorm@v1.31.1/callbacks.go:140	execute [SELECT count(*) FROM sqlite_master WHERE type = "index" AND tbl_name = "users" AND name = "idx_users_deleted_at"] affect rows num [-1]
2025-12-04 20:27:46.556646	INFO	gorm@v1.31.1/callbacks.go:140	execute [SELECT count(*) FROM sqlite_master WHERE type='table' AND name="resources"] affect rows num [-1]
2025-12-04 20:27:46.557174	INFO	gorm@v1.31.1/finisher_api.go:545	execute [SELECT sql FROM sqlite_master WHERE type IN ("table","index") AND tbl_name = "resources" AND sql IS NOT NULL order by type = "table" desc] affect rows num [3]
2025-12-04 20:27:46.557174	INFO	gorm@v1.31.1/callbacks.go:140	execute [SELECT * FROM `resources` LIMIT 1] affect rows num [-1]
2025-12-04 20:27:46.557174	INFO	gorm@v1.31.1/callbacks.go:140	execute [SELECT count(*) FROM sqlite_master WHERE type = "index" AND tbl_name = "resources" AND name = "idx_resources_deleted_at"] affect rows num [-1]
2025-12-04 20:27:46.557704	INFO	gorm@v1.31.1/callbacks.go:140	execute [SELECT count(*) FROM sqlite_master WHERE type = "index" AND tbl_name = "resources" AND name = "idx_resources_user_id"] affect rows num [-1]
2025-12-04 20:27:46.557704	INFO	gorm@v1.31.1/callbacks.go:140	execute [SELECT count(*) FROM sqlite_master WHERE type='table' AND name="buildings"] affect rows num [-1]
2025-12-04 20:27:46.558239	INFO	gorm@v1.31.1/finisher_api.go:545	execute [SELECT sql FROM sqlite_master WHERE type IN ("table","index") AND tbl_name = "buildings" AND sql IS NOT NULL order by type = "table" desc] affect rows num [3]
2025-12-04 20:27:46.558239	INFO	gorm@v1.31.1/callbacks.go:140	execute [SELECT * FROM `buildings` LIMIT 1] affect rows num [-1]
2025-12-04 20:27:46.558239	INFO	gorm@v1.31.1/callbacks.go:140	execute [SELECT count(*) FROM sqlite_master WHERE type = "index" AND tbl_name = "buildings" AND name = "idx_buildings_deleted_at"] affect rows num [-1]
2025-12-04 20:27:46.558770	INFO	gorm@v1.31.1/callbacks.go:140	execute [SELECT count(*) FROM sqlite_master WHERE type = "index" AND tbl_name = "buildings" AND name = "idx_buildings_user_id"] affect rows num [-1]
2025-12-04 20:27:52.451748	ERROR	beaconImp/http_handler.go:20	Auth failed, redirecting to login.
2025-12-04 20:27:56.376394	INFO	gorm@v1.31.1/callbacks.go:140	execute [SELECT * FROM `users` WHERE username = "abc" AND `users`.`deleted_at` IS NULL ORDER BY `users`.`id` LIMIT 1] affect rows num [1]
2025-12-04 20:27:57.250777	INFO	beaconImp/http_handler.go:136	User abc logged in.
2025-12-04 20:27:58.115212	INFO	gorm@v1.31.1/callbacks.go:140	execute [SELECT * FROM `resources` WHERE `resources`.`deleted_at` IS NULL ORDER BY `resources`.`id` LIMIT 1] affect rows num [0]
2025-12-04 20:27:58.119761	INFO	gorm@v1.31.1/callbacks.go:140	execute [INSERT INTO `resources` (`created_at`,`updated_at`,`deleted_at`,`user_id`,`wood`,`stone`,`gold`,`food`) VALUES ("2025-12-04 20:27:58.115","2025-12-04 20:27:58.115",NULL,0,1000,150,300,100) RETURNING `id`] affect rows num [1]
2025-12-04 20:27:58.120523	INFO	gorm@v1.31.1/callbacks.go:140	execute [SELECT * FROM `buildings` WHERE user_id = 0 AND `buildings`.`deleted_at` IS NULL] affect rows num [0]
2025-12-04 20:28:04.572883	INFO	gorm@v1.31.1/callbacks.go:140	execute [SELECT * FROM `resources` WHERE `resources`.`deleted_at` IS NULL ORDER BY `resources`.`id` LIMIT 1] affect rows num [1]
2025-12-04 20:28:04.572883	INFO	gorm@v1.31.1/callbacks.go:140	execute [SELECT * FROM `buildings` WHERE user_id = 0 AND `buildings`.`deleted_at` IS NULL] affect rows num [0]
2025-12-04 20:28:06.853899	INFO	gorm@v1.31.1/callbacks.go:140	execute [SELECT * FROM `resources` WHERE `resources`.`deleted_at` IS NULL ORDER BY `resources`.`id` LIMIT 1] affect rows num [1]
2025-12-04 20:28:06.853899	INFO	gorm@v1.31.1/callbacks.go:140	execute [SELECT * FROM `buildings` WHERE user_id = 0 AND `buildings`.`deleted_at` IS NULL] affect rows num [0]
2025-12-04 20:28:30.349840	INFO	gorm@v1.31.1/callbacks.go:140	execute [SELECT * FROM `resources` WHERE `resources`.`deleted_at` IS NULL ORDER BY `resources`.`id` LIMIT 1] affect rows num [1]
2025-12-04 20:28:30.349840	INFO	gorm@v1.31.1/callbacks.go:140	execute [SELECT * FROM `buildings` WHERE user_id = 0 AND `buildings`.`deleted_at` IS NULL] affect rows num [0]
2025-12-04 20:28:36.206477	INFO	gorm@v1.31.1/callbacks.go:140	execute [SELECT * FROM `users` WHERE username = "abc" AND `users`.`deleted_at` IS NULL ORDER BY `users`.`id` LIMIT 1] affect rows num [1]
2025-12-04 20:28:37.075207	INFO	beaconImp/http_handler.go:136	User abc logged in.
2025-12-04 20:28:40.045044	INFO	gorm@v1.31.1/callbacks.go:140	execute [SELECT * FROM `resources` WHERE `resources`.`deleted_at` IS NULL ORDER BY `resources`.`id` LIMIT 1] affect rows num [1]
2025-12-04 20:28:40.045044	INFO	gorm@v1.31.1/callbacks.go:140	execute [SELECT * FROM `buildings` WHERE user_id = 0 AND `buildings`.`deleted_at` IS NULL] affect rows num [0]
2025-12-04 20:29:00.316603	INFO	gorm@v1.31.1/callbacks.go:140	execute [SELECT * FROM `resources` WHERE `resources`.`deleted_at` IS NULL ORDER BY `resources`.`id` LIMIT 1] affect rows num [1]
2025-12-04 20:29:00.316603	INFO	gorm@v1.31.1/callbacks.go:140	execute [SELECT * FROM `buildings` WHERE user_id = 0 AND `buildings`.`deleted_at` IS NULL] affect rows num [0]
2025-12-04 20:29:12.821092	INFO	gorm@v1.31.1/callbacks.go:140	execute [SELECT * FROM `resources` WHERE `resources`.`deleted_at` IS NULL ORDER BY `resources`.`id` LIMIT 1] affect rows num [1]
2025-12-04 20:29:12.821092	INFO	gorm@v1.31.1/callbacks.go:140	execute [SELECT * FROM `buildings` WHERE user_id = 0 AND `buildings`.`deleted_at` IS NULL] affect rows num [0]
2025-12-04 20:29:26.537845	INFO	gorm@v1.31.1/callbacks.go:140	execute [SELECT * FROM `resources` WHERE `resources`.`deleted_at` IS NULL ORDER BY `resources`.`id` LIMIT 1] affect rows num [1]
2025-12-04 20:29:26.538499	INFO	gorm@v1.31.1/callbacks.go:140	execute [SELECT * FROM `buildings` WHERE user_id = 0 AND `buildings`.`deleted_at` IS NULL] affect rows num [0]
2025-12-04 20:29:28.684368	INFO	gorm@v1.31.1/callbacks.go:140	execute [SELECT * FROM `resources` WHERE `resources`.`deleted_at` IS NULL ORDER BY `resources`.`id` LIMIT 1] affect rows num [1]
2025-12-04 20:29:28.684876	INFO	gorm@v1.31.1/callbacks.go:140	execute [SELECT * FROM `buildings` WHERE user_id = 0 AND `buildings`.`deleted_at` IS NULL] affect rows num [0]
2025-12-04 20:29:32.469909	INFO	gorm@v1.31.1/callbacks.go:140	execute [SELECT * FROM `resources` WHERE `resources`.`deleted_at` IS NULL ORDER BY `resources`.`id` LIMIT 1] affect rows num [1]
2025-12-04 20:29:32.469909	INFO	gorm@v1.31.1/callbacks.go:140	execute [SELECT * FROM `buildings` WHERE user_id = 0 AND `buildings`.`deleted_at` IS NULL] affect rows num [0]
2025-12-04 20:29:51.095568	INFO	gorm@v1.31.1/callbacks.go:140	execute [SELECT * FROM `resources` WHERE `resources`.`deleted_at` IS NULL ORDER BY `resources`.`id` LIMIT 1] affect rows num [1]
2025-12-04 20:29:51.095568	INFO	gorm@v1.31.1/callbacks.go:140	execute [SELECT * FROM `buildings` WHERE user_id = 0 AND `buildings`.`deleted_at` IS NULL] affect rows num [0]
2025-12-04 20:30:01.337577	INFO	gorm@v1.31.1/callbacks.go:140	execute [SELECT * FROM `resources` WHERE `resources`.`deleted_at` IS NULL ORDER BY `resources`.`id` LIMIT 1] affect rows num [1]
2025-12-04 20:30:01.337577	INFO	gorm@v1.31.1/callbacks.go:140	execute [SELECT * FROM `buildings` WHERE user_id = 0 AND `buildings`.`deleted_at` IS NULL] affect rows num [0]
2025-12-04 20:30:03.220889	INFO	gorm@v1.31.1/callbacks.go:140	execute [SELECT * FROM `resources` WHERE `resources`.`deleted_at` IS NULL ORDER BY `resources`.`id` LIMIT 1] affect rows num [1]
2025-12-04 20:30:03.220889	INFO	gorm@v1.31.1/callbacks.go:140	execute [SELECT * FROM `buildings` WHERE user_id = 0 AND `buildings`.`deleted_at` IS NULL] affect rows num [0]
2025-12-04 20:30:13.782872	INFO	gorm@v1.31.1/callbacks.go:140	execute [SELECT * FROM `resources` WHERE `resources`.`deleted_at` IS NULL ORDER BY `resources`.`id` LIMIT 1] affect rows num [1]
2025-12-04 20:30:13.782872	INFO	gorm@v1.31.1/callbacks.go:140	execute [SELECT * FROM `buildings` WHERE user_id = 0 AND `buildings`.`deleted_at` IS NULL] affect rows num [0]
2025-12-04 20:30:19.234753	INFO	gorm@v1.31.1/callbacks.go:140	execute [SELECT * FROM `resources` WHERE `resources`.`deleted_at` IS NULL ORDER BY `resources`.`id` LIMIT 1] affect rows num [1]
2025-12-04 20:30:19.234753	INFO	gorm@v1.31.1/callbacks.go:140	execute [SELECT * FROM `buildings` WHERE user_id = 0 AND `buildings`.`deleted_at` IS NULL] affect rows num [0]
